DEB [20170730-16:23:52.634] thr=1   paramiko.transport: [chan 0] Max packet in: 32768 bytes
DEB [20170730-16:23:52.634] thr=2   paramiko.transport: [chan 0] Max packet out: 32768 bytes
DEB [20170730-16:23:52.634] thr=2   paramiko.transport: Secsh channel 0 opened.
DEB [20170730-16:23:52.650] thr=2   paramiko.transport: [chan 0] Sesch channel 0 request ok
DEB [20170730-16:23:52.775] thr=2   paramiko.transport: [chan 0] EOF received (0)
DEB [20170730-16:23:52.775] thr=2   paramiko.transport: [chan 0] EOF sent (0)
DEB [20170730-16:23:52.775] thr=3   paramiko.transport: starting thread (client mode): 0x398edf0L
DEB [20170730-16:23:52.775] thr=3   paramiko.transport: Local version/idstring: SSH-2.0-paramiko_2.2.1
DEB [20170730-16:23:52.805] thr=3   paramiko.transport: Remote version/idstring: SSH-2.0-OpenSSH_6.7p1 Raspbian-5+deb8u3
INF [20170730-16:23:52.805] thr=3   paramiko.transport: Connected (version 2.0, client OpenSSH_6.7p1)
DEB [20170730-16:23:52.822] thr=3   paramiko.transport: kex algos:[u'curve25519-sha256@libssh.org', u'ecdh-sha2-nistp256', u'ecdh-sha2-nistp384', u'ecdh-sha2-nistp521', u'diffie-hellman-group-exchange-sha256', u'diffie-hellman-group14-sha1'] server key:[u'ssh-rsa', u'ssh-dss', u'ecdsa-sha2-nistp256', u'ssh-ed25519'] client encrypt:[u'aes128-ctr', u'aes192-ctr', u'aes256-ctr', u'aes128-gcm@openssh.com', u'aes256-gcm@openssh.com', u'chacha20-poly1305@openssh.com'] server encrypt:[u'aes128-ctr', u'aes192-ctr', u'aes256-ctr', u'aes128-gcm@openssh.com', u'aes256-gcm@openssh.com', u'chacha20-poly1305@openssh.com'] client mac:[u'umac-64-etm@openssh.com', u'umac-128-etm@openssh.com', u'hmac-sha2-256-etm@openssh.com', u'hmac-sha2-512-etm@openssh.com', u'hmac-sha1-etm@openssh.com', u'umac-64@openssh.com', u'umac-128@openssh.com', u'hmac-sha2-256', u'hmac-sha2-512', u'hmac-sha1'] server mac:[u'umac-64-etm@openssh.com', u'umac-128-etm@openssh.com', u'hmac-sha2-256-etm@openssh.com', u'hmac-sha2-512-etm@openssh.com', u'hmac-sha1-etm@openssh.com', u'umac-64@openssh.com', u'umac-128@openssh.com', u'hmac-sha2-256', u'hmac-sha2-512', u'hmac-sha1'] client compress:[u'none', u'zlib@openssh.com'] server compress:[u'none', u'zlib@openssh.com'] client lang:[u''] server lang:[u''] kex follows?False
DEB [20170730-16:23:52.822] thr=3   paramiko.transport: Kex agreed: ecdh-sha2-nistp256
DEB [20170730-16:23:52.822] thr=3   paramiko.transport: HostKey agreed: ssh-ed25519
DEB [20170730-16:23:52.822] thr=3   paramiko.transport: Cipher agreed: aes128-ctr
DEB [20170730-16:23:52.822] thr=3   paramiko.transport: MAC agreed: hmac-sha2-256
DEB [20170730-16:23:52.822] thr=3   paramiko.transport: Compression agreed: none
DEB [20170730-16:23:52.852] thr=3   paramiko.transport: kex engine KexNistp256 specified hash_algo <built-in function openssl_sha256>
DEB [20170730-16:23:52.852] thr=3   paramiko.transport: Switch to new keys ...
DEB [20170730-16:23:52.868] thr=4   paramiko.transport: Adding ssh-ed25519 host key for 192.168.1.120: bda4187b21b0a9267d559331a156cac2
DEB [20170730-16:23:52.884] thr=3   paramiko.transport: userauth is OK
INF [20170730-16:23:53.072] thr=3   paramiko.transport: Authentication (password) successful!
DEB [20170730-16:23:53.086] thr=4   paramiko.transport: [chan 0] Max packet in: 32768 bytes
DEB [20170730-16:23:53.180] thr=3   paramiko.transport: [chan 0] Max packet out: 32768 bytes
DEB [20170730-16:23:53.180] thr=3   paramiko.transport: Secsh channel 0 opened.
DEB [20170730-16:23:53.197] thr=3   paramiko.transport: [chan 0] Sesch channel 0 request ok
DEB [20170730-16:23:53.197] thr=3   paramiko.transport: [chan 0] Sesch channel 0 request ok
DEB [20170730-16:26:50.411] thr=1   paramiko.transport: [chan 0] Max packet in: 32768 bytes
DEB [20170730-16:26:50.411] thr=2   paramiko.transport: [chan 0] Max packet out: 32768 bytes
DEB [20170730-16:26:50.411] thr=2   paramiko.transport: Secsh channel 0 opened.
DEB [20170730-16:26:50.441] thr=2   paramiko.transport: [chan 0] Sesch channel 0 request ok
DEB [20170730-16:26:50.489] thr=2   paramiko.transport: [chan 0] EOF received (0)
DEB [20170730-16:26:50.489] thr=2   paramiko.transport: [chan 0] EOF sent (0)
DEB [20170730-16:26:50.505] thr=3   paramiko.transport: starting thread (client mode): 0x369e030L
DEB [20170730-16:26:50.505] thr=3   paramiko.transport: Local version/idstring: SSH-2.0-paramiko_2.2.1
DEB [20170730-16:26:50.536] thr=3   paramiko.transport: Remote version/idstring: SSH-2.0-OpenSSH_6.7p1 Raspbian-5+deb8u3
INF [20170730-16:26:50.536] thr=3   paramiko.transport: Connected (version 2.0, client OpenSSH_6.7p1)
DEB [20170730-16:26:50.536] thr=3   paramiko.transport: kex algos:[u'curve25519-sha256@libssh.org', u'ecdh-sha2-nistp256', u'ecdh-sha2-nistp384', u'ecdh-sha2-nistp521', u'diffie-hellman-group-exchange-sha256', u'diffie-hellman-group14-sha1'] server key:[u'ssh-rsa', u'ssh-dss', u'ecdsa-sha2-nistp256', u'ssh-ed25519'] client encrypt:[u'aes128-ctr', u'aes192-ctr', u'aes256-ctr', u'aes128-gcm@openssh.com', u'aes256-gcm@openssh.com', u'chacha20-poly1305@openssh.com'] server encrypt:[u'aes128-ctr', u'aes192-ctr', u'aes256-ctr', u'aes128-gcm@openssh.com', u'aes256-gcm@openssh.com', u'chacha20-poly1305@openssh.com'] client mac:[u'umac-64-etm@openssh.com', u'umac-128-etm@openssh.com', u'hmac-sha2-256-etm@openssh.com', u'hmac-sha2-512-etm@openssh.com', u'hmac-sha1-etm@openssh.com', u'umac-64@openssh.com', u'umac-128@openssh.com', u'hmac-sha2-256', u'hmac-sha2-512', u'hmac-sha1'] server mac:[u'umac-64-etm@openssh.com', u'umac-128-etm@openssh.com', u'hmac-sha2-256-etm@openssh.com', u'hmac-sha2-512-etm@openssh.com', u'hmac-sha1-etm@openssh.com', u'umac-64@openssh.com', u'umac-128@openssh.com', u'hmac-sha2-256', u'hmac-sha2-512', u'hmac-sha1'] client compress:[u'none', u'zlib@openssh.com'] server compress:[u'none', u'zlib@openssh.com'] client lang:[u''] server lang:[u''] kex follows?False
DEB [20170730-16:26:50.536] thr=3   paramiko.transport: Kex agreed: ecdh-sha2-nistp256
DEB [20170730-16:26:50.536] thr=3   paramiko.transport: HostKey agreed: ssh-ed25519
DEB [20170730-16:26:50.536] thr=3   paramiko.transport: Cipher agreed: aes128-ctr
DEB [20170730-16:26:50.536] thr=3   paramiko.transport: MAC agreed: hmac-sha2-256
DEB [20170730-16:26:50.536] thr=3   paramiko.transport: Compression agreed: none
DEB [20170730-16:26:50.566] thr=3   paramiko.transport: kex engine KexNistp256 specified hash_algo <built-in function openssl_sha256>
DEB [20170730-16:26:50.566] thr=3   paramiko.transport: Switch to new keys ...
DEB [20170730-16:26:50.598] thr=4   paramiko.transport: Adding ssh-ed25519 host key for 192.168.1.120: bda4187b21b0a9267d559331a156cac2
DEB [20170730-16:26:50.614] thr=3   paramiko.transport: userauth is OK
INF [20170730-16:26:50.739] thr=3   paramiko.transport: Authentication (password) successful!
DEB [20170730-16:26:50.755] thr=4   paramiko.transport: [chan 0] Max packet in: 32768 bytes
DEB [20170730-16:26:50.848] thr=3   paramiko.transport: [chan 0] Max packet out: 32768 bytes
DEB [20170730-16:26:50.848] thr=3   paramiko.transport: Secsh channel 0 opened.
DEB [20170730-16:26:50.864] thr=3   paramiko.transport: [chan 0] Sesch channel 0 request ok
DEB [20170730-16:26:50.864] thr=3   paramiko.transport: [chan 0] Sesch channel 0 request ok
DEB [20170730-16:42:25.451] thr=1   paramiko.transport: [chan 0] Max packet in: 32768 bytes
DEB [20170730-16:42:25.451] thr=2   paramiko.transport: [chan 0] Max packet out: 32768 bytes
DEB [20170730-16:42:25.451] thr=2   paramiko.transport: Secsh channel 0 opened.
DEB [20170730-16:42:25.467] thr=2   paramiko.transport: [chan 0] Sesch channel 0 request ok
DEB [20170730-16:42:25.592] thr=2   paramiko.transport: [chan 0] EOF received (0)
DEB [20170730-16:42:25.592] thr=2   paramiko.transport: [chan 0] EOF sent (0)
DEB [20170730-16:42:25.592] thr=3   paramiko.transport: starting thread (client mode): 0x3b43f10L
DEB [20170730-16:42:25.592] thr=3   paramiko.transport: Local version/idstring: SSH-2.0-paramiko_2.2.1
DEB [20170730-16:42:25.638] thr=3   paramiko.transport: Remote version/idstring: SSH-2.0-OpenSSH_6.7p1 Raspbian-5+deb8u3
INF [20170730-16:42:25.638] thr=3   paramiko.transport: Connected (version 2.0, client OpenSSH_6.7p1)
DEB [20170730-16:42:25.654] thr=3   paramiko.transport: kex algos:[u'curve25519-sha256@libssh.org', u'ecdh-sha2-nistp256', u'ecdh-sha2-nistp384', u'ecdh-sha2-nistp521', u'diffie-hellman-group-exchange-sha256', u'diffie-hellman-group14-sha1'] server key:[u'ssh-rsa', u'ssh-dss', u'ecdsa-sha2-nistp256', u'ssh-ed25519'] client encrypt:[u'aes128-ctr', u'aes192-ctr', u'aes256-ctr', u'aes128-gcm@openssh.com', u'aes256-gcm@openssh.com', u'chacha20-poly1305@openssh.com'] server encrypt:[u'aes128-ctr', u'aes192-ctr', u'aes256-ctr', u'aes128-gcm@openssh.com', u'aes256-gcm@openssh.com', u'chacha20-poly1305@openssh.com'] client mac:[u'umac-64-etm@openssh.com', u'umac-128-etm@openssh.com', u'hmac-sha2-256-etm@openssh.com', u'hmac-sha2-512-etm@openssh.com', u'hmac-sha1-etm@openssh.com', u'umac-64@openssh.com', u'umac-128@openssh.com', u'hmac-sha2-256', u'hmac-sha2-512', u'hmac-sha1'] server mac:[u'umac-64-etm@openssh.com', u'umac-128-etm@openssh.com', u'hmac-sha2-256-etm@openssh.com', u'hmac-sha2-512-etm@openssh.com', u'hmac-sha1-etm@openssh.com', u'umac-64@openssh.com', u'umac-128@openssh.com', u'hmac-sha2-256', u'hmac-sha2-512', u'hmac-sha1'] client compress:[u'none', u'zlib@openssh.com'] server compress:[u'none', u'zlib@openssh.com'] client lang:[u''] server lang:[u''] kex follows?False
DEB [20170730-16:42:25.654] thr=3   paramiko.transport: Kex agreed: ecdh-sha2-nistp256
DEB [20170730-16:42:25.654] thr=3   paramiko.transport: HostKey agreed: ssh-ed25519
DEB [20170730-16:42:25.654] thr=3   paramiko.transport: Cipher agreed: aes128-ctr
DEB [20170730-16:42:25.654] thr=3   paramiko.transport: MAC agreed: hmac-sha2-256
DEB [20170730-16:42:25.654] thr=3   paramiko.transport: Compression agreed: none
DEB [20170730-16:42:25.686] thr=3   paramiko.transport: kex engine KexNistp256 specified hash_algo <built-in function openssl_sha256>
DEB [20170730-16:42:25.686] thr=3   paramiko.transport: Switch to new keys ...
DEB [20170730-16:42:25.701] thr=4   paramiko.transport: Adding ssh-ed25519 host key for 192.168.1.120: bda4187b21b0a9267d559331a156cac2
DEB [20170730-16:42:25.733] thr=3   paramiko.transport: userauth is OK
INF [20170730-16:42:25.842] thr=3   paramiko.transport: Authentication (password) successful!
DEB [20170730-16:42:25.858] thr=4   paramiko.transport: [chan 0] Max packet in: 32768 bytes
DEB [20170730-16:42:25.999] thr=3   paramiko.transport: [chan 0] Max packet out: 32768 bytes
DEB [20170730-16:42:25.999] thr=3   paramiko.transport: Secsh channel 0 opened.
DEB [20170730-16:42:26.013] thr=3   paramiko.transport: [chan 0] Sesch channel 0 request ok
DEB [20170730-16:42:26.013] thr=3   paramiko.transport: [chan 0] Sesch channel 0 request ok
DEB [20170730-16:42:38.253] thr=2   paramiko.transport: EOF in transport thread
DEB [20170730-16:42:38.378] thr=5   paramiko.transport: EOF in transport thread
DEB [20170730-16:42:38.536] thr=6   paramiko.transport: EOF in transport thread
DEB [20170730-16:42:38.614] thr=3   paramiko.transport: EOF in transport thread
DEB [20170730-16:43:21.890] thr=1   paramiko.transport: [chan 0] Max packet in: 32768 bytes
DEB [20170730-16:43:21.890] thr=2   paramiko.transport: [chan 0] Max packet out: 32768 bytes
DEB [20170730-16:43:21.890] thr=2   paramiko.transport: Secsh channel 0 opened.
DEB [20170730-16:43:21.904] thr=2   paramiko.transport: [chan 0] Sesch channel 0 request ok
DEB [20170730-16:43:21.967] thr=2   paramiko.transport: [chan 0] EOF received (0)
DEB [20170730-16:43:21.967] thr=2   paramiko.transport: [chan 0] EOF sent (0)
DEB [20170730-16:43:21.967] thr=3   paramiko.transport: starting thread (client mode): 0x452cf10L
DEB [20170730-16:43:21.967] thr=3   paramiko.transport: Local version/idstring: SSH-2.0-paramiko_2.2.1
DEB [20170730-16:43:21.999] thr=3   paramiko.transport: Remote version/idstring: SSH-2.0-OpenSSH_6.7p1 Raspbian-5+deb8u3
INF [20170730-16:43:21.999] thr=3   paramiko.transport: Connected (version 2.0, client OpenSSH_6.7p1)
DEB [20170730-16:43:22.015] thr=3   paramiko.transport: kex algos:[u'curve25519-sha256@libssh.org', u'ecdh-sha2-nistp256', u'ecdh-sha2-nistp384', u'ecdh-sha2-nistp521', u'diffie-hellman-group-exchange-sha256', u'diffie-hellman-group14-sha1'] server key:[u'ssh-rsa', u'ssh-dss', u'ecdsa-sha2-nistp256', u'ssh-ed25519'] client encrypt:[u'aes128-ctr', u'aes192-ctr', u'aes256-ctr', u'aes128-gcm@openssh.com', u'aes256-gcm@openssh.com', u'chacha20-poly1305@openssh.com'] server encrypt:[u'aes128-ctr', u'aes192-ctr', u'aes256-ctr', u'aes128-gcm@openssh.com', u'aes256-gcm@openssh.com', u'chacha20-poly1305@openssh.com'] client mac:[u'umac-64-etm@openssh.com', u'umac-128-etm@openssh.com', u'hmac-sha2-256-etm@openssh.com', u'hmac-sha2-512-etm@openssh.com', u'hmac-sha1-etm@openssh.com', u'umac-64@openssh.com', u'umac-128@openssh.com', u'hmac-sha2-256', u'hmac-sha2-512', u'hmac-sha1'] server mac:[u'umac-64-etm@openssh.com', u'umac-128-etm@openssh.com', u'hmac-sha2-256-etm@openssh.com', u'hmac-sha2-512-etm@openssh.com', u'hmac-sha1-etm@openssh.com', u'umac-64@openssh.com', u'umac-128@openssh.com', u'hmac-sha2-256', u'hmac-sha2-512', u'hmac-sha1'] client compress:[u'none', u'zlib@openssh.com'] server compress:[u'none', u'zlib@openssh.com'] client lang:[u''] server lang:[u''] kex follows?False
DEB [20170730-16:43:22.015] thr=3   paramiko.transport: Kex agreed: ecdh-sha2-nistp256
DEB [20170730-16:43:22.015] thr=3   paramiko.transport: HostKey agreed: ssh-ed25519
DEB [20170730-16:43:22.015] thr=3   paramiko.transport: Cipher agreed: aes128-ctr
DEB [20170730-16:43:22.015] thr=3   paramiko.transport: MAC agreed: hmac-sha2-256
DEB [20170730-16:43:22.015] thr=3   paramiko.transport: Compression agreed: none
DEB [20170730-16:43:22.046] thr=3   paramiko.transport: kex engine KexNistp256 specified hash_algo <built-in function openssl_sha256>
DEB [20170730-16:43:22.046] thr=3   paramiko.transport: Switch to new keys ...
DEB [20170730-16:43:22.062] thr=4   paramiko.transport: Adding ssh-ed25519 host key for 192.168.1.120: bda4187b21b0a9267d559331a156cac2
DEB [20170730-16:43:22.092] thr=3   paramiko.transport: userauth is OK
INF [20170730-16:43:22.201] thr=3   paramiko.transport: Authentication (password) successful!
DEB [20170730-16:43:22.217] thr=4   paramiko.transport: [chan 0] Max packet in: 32768 bytes
DEB [20170730-16:43:22.312] thr=3   paramiko.transport: [chan 0] Max packet out: 32768 bytes
DEB [20170730-16:43:22.326] thr=3   paramiko.transport: Secsh channel 0 opened.
DEB [20170730-16:43:22.342] thr=3   paramiko.transport: [chan 0] Sesch channel 0 request ok
DEB [20170730-16:43:22.342] thr=3   paramiko.transport: [chan 0] Sesch channel 0 request ok
DEB [20170730-16:44:30.427] thr=1   paramiko.transport: [chan 0] Max packet in: 32768 bytes
DEB [20170730-16:44:30.427] thr=2   paramiko.transport: [chan 0] Max packet out: 32768 bytes
DEB [20170730-16:44:30.427] thr=2   paramiko.transport: Secsh channel 0 opened.
DEB [20170730-16:44:30.443] thr=2   paramiko.transport: [chan 0] Sesch channel 0 request ok
DEB [20170730-16:44:30.490] thr=2   paramiko.transport: [chan 0] EOF received (0)
DEB [20170730-16:44:30.490] thr=2   paramiko.transport: [chan 0] EOF sent (0)
DEB [20170730-16:44:30.506] thr=3   paramiko.transport: starting thread (client mode): 0x26c5130L
DEB [20170730-16:44:30.506] thr=3   paramiko.transport: Local version/idstring: SSH-2.0-paramiko_2.2.1
DEB [20170730-16:44:30.536] thr=3   paramiko.transport: Remote version/idstring: SSH-2.0-OpenSSH_6.7p1 Raspbian-5+deb8u3
INF [20170730-16:44:30.536] thr=3   paramiko.transport: Connected (version 2.0, client OpenSSH_6.7p1)
DEB [20170730-16:44:30.536] thr=3   paramiko.transport: kex algos:[u'curve25519-sha256@libssh.org', u'ecdh-sha2-nistp256', u'ecdh-sha2-nistp384', u'ecdh-sha2-nistp521', u'diffie-hellman-group-exchange-sha256', u'diffie-hellman-group14-sha1'] server key:[u'ssh-rsa', u'ssh-dss', u'ecdsa-sha2-nistp256', u'ssh-ed25519'] client encrypt:[u'aes128-ctr', u'aes192-ctr', u'aes256-ctr', u'aes128-gcm@openssh.com', u'aes256-gcm@openssh.com', u'chacha20-poly1305@openssh.com'] server encrypt:[u'aes128-ctr', u'aes192-ctr', u'aes256-ctr', u'aes128-gcm@openssh.com', u'aes256-gcm@openssh.com', u'chacha20-poly1305@openssh.com'] client mac:[u'umac-64-etm@openssh.com', u'umac-128-etm@openssh.com', u'hmac-sha2-256-etm@openssh.com', u'hmac-sha2-512-etm@openssh.com', u'hmac-sha1-etm@openssh.com', u'umac-64@openssh.com', u'umac-128@openssh.com', u'hmac-sha2-256', u'hmac-sha2-512', u'hmac-sha1'] server mac:[u'umac-64-etm@openssh.com', u'umac-128-etm@openssh.com', u'hmac-sha2-256-etm@openssh.com', u'hmac-sha2-512-etm@openssh.com', u'hmac-sha1-etm@openssh.com', u'umac-64@openssh.com', u'umac-128@openssh.com', u'hmac-sha2-256', u'hmac-sha2-512', u'hmac-sha1'] client compress:[u'none', u'zlib@openssh.com'] server compress:[u'none', u'zlib@openssh.com'] client lang:[u''] server lang:[u''] kex follows?False
DEB [20170730-16:44:30.536] thr=3   paramiko.transport: Kex agreed: ecdh-sha2-nistp256
DEB [20170730-16:44:30.536] thr=3   paramiko.transport: HostKey agreed: ssh-ed25519
DEB [20170730-16:44:30.536] thr=3   paramiko.transport: Cipher agreed: aes128-ctr
DEB [20170730-16:44:30.552] thr=3   paramiko.transport: MAC agreed: hmac-sha2-256
DEB [20170730-16:44:30.552] thr=3   paramiko.transport: Compression agreed: none
DEB [20170730-16:44:30.568] thr=3   paramiko.transport: kex engine KexNistp256 specified hash_algo <built-in function openssl_sha256>
DEB [20170730-16:44:30.568] thr=3   paramiko.transport: Switch to new keys ...
DEB [20170730-16:44:30.599] thr=4   paramiko.transport: Adding ssh-ed25519 host key for 192.168.1.120: bda4187b21b0a9267d559331a156cac2
DEB [20170730-16:44:30.615] thr=3   paramiko.transport: userauth is OK
INF [20170730-16:44:30.724] thr=3   paramiko.transport: Authentication (password) successful!
DEB [20170730-16:44:30.740] thr=4   paramiko.transport: [chan 0] Max packet in: 32768 bytes
DEB [20170730-16:44:30.834] thr=3   paramiko.transport: [chan 0] Max packet out: 32768 bytes
DEB [20170730-16:44:30.834] thr=3   paramiko.transport: Secsh channel 0 opened.
DEB [20170730-16:44:30.849] thr=3   paramiko.transport: [chan 0] Sesch channel 0 request ok
DEB [20170730-16:44:30.849] thr=3   paramiko.transport: [chan 0] Sesch channel 0 request ok
DEB [20170730-16:53:10.111] thr=1   paramiko.transport: [chan 0] Max packet in: 32768 bytes
DEB [20170730-16:53:10.111] thr=2   paramiko.transport: [chan 0] Max packet out: 32768 bytes
DEB [20170730-16:53:10.111] thr=2   paramiko.transport: Secsh channel 0 opened.
DEB [20170730-16:53:10.127] thr=2   paramiko.transport: [chan 0] Sesch channel 0 request ok
DEB [20170730-16:53:10.190] thr=2   paramiko.transport: [chan 0] EOF received (0)
DEB [20170730-16:53:10.190] thr=2   paramiko.transport: [chan 0] EOF sent (0)
DEB [20170730-16:53:10.190] thr=3   paramiko.transport: starting thread (client mode): 0x3265130L
DEB [20170730-16:53:10.190] thr=3   paramiko.transport: Local version/idstring: SSH-2.0-paramiko_2.2.1
DEB [20170730-16:53:10.220] thr=3   paramiko.transport: Remote version/idstring: SSH-2.0-OpenSSH_6.7p1 Raspbian-5+deb8u3
INF [20170730-16:53:10.220] thr=3   paramiko.transport: Connected (version 2.0, client OpenSSH_6.7p1)
DEB [20170730-16:53:10.236] thr=3   paramiko.transport: kex algos:[u'curve25519-sha256@libssh.org', u'ecdh-sha2-nistp256', u'ecdh-sha2-nistp384', u'ecdh-sha2-nistp521', u'diffie-hellman-group-exchange-sha256', u'diffie-hellman-group14-sha1'] server key:[u'ssh-rsa', u'ssh-dss', u'ecdsa-sha2-nistp256', u'ssh-ed25519'] client encrypt:[u'aes128-ctr', u'aes192-ctr', u'aes256-ctr', u'aes128-gcm@openssh.com', u'aes256-gcm@openssh.com', u'chacha20-poly1305@openssh.com'] server encrypt:[u'aes128-ctr', u'aes192-ctr', u'aes256-ctr', u'aes128-gcm@openssh.com', u'aes256-gcm@openssh.com', u'chacha20-poly1305@openssh.com'] client mac:[u'umac-64-etm@openssh.com', u'umac-128-etm@openssh.com', u'hmac-sha2-256-etm@openssh.com', u'hmac-sha2-512-etm@openssh.com', u'hmac-sha1-etm@openssh.com', u'umac-64@openssh.com', u'umac-128@openssh.com', u'hmac-sha2-256', u'hmac-sha2-512', u'hmac-sha1'] server mac:[u'umac-64-etm@openssh.com', u'umac-128-etm@openssh.com', u'hmac-sha2-256-etm@openssh.com', u'hmac-sha2-512-etm@openssh.com', u'hmac-sha1-etm@openssh.com', u'umac-64@openssh.com', u'umac-128@openssh.com', u'hmac-sha2-256', u'hmac-sha2-512', u'hmac-sha1'] client compress:[u'none', u'zlib@openssh.com'] server compress:[u'none', u'zlib@openssh.com'] client lang:[u''] server lang:[u''] kex follows?False
DEB [20170730-16:53:10.236] thr=3   paramiko.transport: Kex agreed: ecdh-sha2-nistp256
DEB [20170730-16:53:10.236] thr=3   paramiko.transport: HostKey agreed: ssh-ed25519
DEB [20170730-16:53:10.236] thr=3   paramiko.transport: Cipher agreed: aes128-ctr
DEB [20170730-16:53:10.236] thr=3   paramiko.transport: MAC agreed: hmac-sha2-256
DEB [20170730-16:53:10.236] thr=3   paramiko.transport: Compression agreed: none
DEB [20170730-16:53:10.267] thr=3   paramiko.transport: kex engine KexNistp256 specified hash_algo <built-in function openssl_sha256>
DEB [20170730-16:53:10.267] thr=3   paramiko.transport: Switch to new keys ...
DEB [20170730-16:53:10.283] thr=4   paramiko.transport: Adding ssh-ed25519 host key for 192.168.1.120: bda4187b21b0a9267d559331a156cac2
DEB [20170730-16:53:10.315] thr=3   paramiko.transport: userauth is OK
INF [20170730-16:53:10.424] thr=3   paramiko.transport: Authentication (password) successful!
DEB [20170730-16:53:10.440] thr=4   paramiko.transport: [chan 0] Max packet in: 32768 bytes
DEB [20170730-16:53:10.517] thr=3   paramiko.transport: [chan 0] Max packet out: 32768 bytes
DEB [20170730-16:53:10.517] thr=3   paramiko.transport: Secsh channel 0 opened.
DEB [20170730-16:53:10.533] thr=3   paramiko.transport: [chan 0] Sesch channel 0 request ok
DEB [20170730-16:53:10.533] thr=3   paramiko.transport: [chan 0] Sesch channel 0 request ok
DEB [20170730-16:53:53.267] thr=2   paramiko.transport: EOF in transport thread
DEB [20170730-16:53:53.378] thr=5   paramiko.transport: EOF in transport thread
DEB [20170730-16:53:53.486] thr=6   paramiko.transport: EOF in transport thread
DEB [20170730-16:53:53.549] thr=3   paramiko.transport: EOF in transport thread
DEB [20170730-16:54:09.913] thr=1   paramiko.transport: [chan 0] Max packet in: 32768 bytes
DEB [20170730-16:54:09.913] thr=2   paramiko.transport: [chan 0] Max packet out: 32768 bytes
DEB [20170730-16:54:09.913] thr=2   paramiko.transport: Secsh channel 0 opened.
DEB [20170730-16:54:09.928] thr=2   paramiko.transport: [chan 0] Sesch channel 0 request ok
DEB [20170730-16:54:09.990] thr=2   paramiko.transport: [chan 0] EOF received (0)
DEB [20170730-16:54:09.990] thr=2   paramiko.transport: [chan 0] EOF sent (0)
DEB [20170730-16:54:09.990] thr=3   paramiko.transport: starting thread (client mode): 0x2e25130L
DEB [20170730-16:54:09.990] thr=3   paramiko.transport: Local version/idstring: SSH-2.0-paramiko_2.2.1
DEB [20170730-16:54:10.022] thr=3   paramiko.transport: Remote version/idstring: SSH-2.0-OpenSSH_6.7p1 Raspbian-5+deb8u3
INF [20170730-16:54:10.022] thr=3   paramiko.transport: Connected (version 2.0, client OpenSSH_6.7p1)
DEB [20170730-16:54:10.038] thr=3   paramiko.transport: kex algos:[u'curve25519-sha256@libssh.org', u'ecdh-sha2-nistp256', u'ecdh-sha2-nistp384', u'ecdh-sha2-nistp521', u'diffie-hellman-group-exchange-sha256', u'diffie-hellman-group14-sha1'] server key:[u'ssh-rsa', u'ssh-dss', u'ecdsa-sha2-nistp256', u'ssh-ed25519'] client encrypt:[u'aes128-ctr', u'aes192-ctr', u'aes256-ctr', u'aes128-gcm@openssh.com', u'aes256-gcm@openssh.com', u'chacha20-poly1305@openssh.com'] server encrypt:[u'aes128-ctr', u'aes192-ctr', u'aes256-ctr', u'aes128-gcm@openssh.com', u'aes256-gcm@openssh.com', u'chacha20-poly1305@openssh.com'] client mac:[u'umac-64-etm@openssh.com', u'umac-128-etm@openssh.com', u'hmac-sha2-256-etm@openssh.com', u'hmac-sha2-512-etm@openssh.com', u'hmac-sha1-etm@openssh.com', u'umac-64@openssh.com', u'umac-128@openssh.com', u'hmac-sha2-256', u'hmac-sha2-512', u'hmac-sha1'] server mac:[u'umac-64-etm@openssh.com', u'umac-128-etm@openssh.com', u'hmac-sha2-256-etm@openssh.com', u'hmac-sha2-512-etm@openssh.com', u'hmac-sha1-etm@openssh.com', u'umac-64@openssh.com', u'umac-128@openssh.com', u'hmac-sha2-256', u'hmac-sha2-512', u'hmac-sha1'] client compress:[u'none', u'zlib@openssh.com'] server compress:[u'none', u'zlib@openssh.com'] client lang:[u''] server lang:[u''] kex follows?False
DEB [20170730-16:54:10.038] thr=3   paramiko.transport: Kex agreed: ecdh-sha2-nistp256
DEB [20170730-16:54:10.038] thr=3   paramiko.transport: HostKey agreed: ssh-ed25519
DEB [20170730-16:54:10.038] thr=3   paramiko.transport: Cipher agreed: aes128-ctr
DEB [20170730-16:54:10.038] thr=3   paramiko.transport: MAC agreed: hmac-sha2-256
DEB [20170730-16:54:10.038] thr=3   paramiko.transport: Compression agreed: none
DEB [20170730-16:54:10.069] thr=3   paramiko.transport: kex engine KexNistp256 specified hash_algo <built-in function openssl_sha256>
DEB [20170730-16:54:10.069] thr=3   paramiko.transport: Switch to new keys ...
DEB [20170730-16:54:10.085] thr=4   paramiko.transport: Adding ssh-ed25519 host key for 192.168.1.120: bda4187b21b0a9267d559331a156cac2
DEB [20170730-16:54:10.115] thr=3   paramiko.transport: userauth is OK
INF [20170730-16:54:10.224] thr=3   paramiko.transport: Authentication (password) successful!
DEB [20170730-16:54:10.240] thr=4   paramiko.transport: [chan 0] Max packet in: 32768 bytes
DEB [20170730-16:54:10.335] thr=3   paramiko.transport: [chan 0] Max packet out: 32768 bytes
DEB [20170730-16:54:10.335] thr=3   paramiko.transport: Secsh channel 0 opened.
DEB [20170730-16:54:10.349] thr=3   paramiko.transport: [chan 0] Sesch channel 0 request ok
DEB [20170730-16:54:10.349] thr=3   paramiko.transport: [chan 0] Sesch channel 0 request ok
DEB [20170730-16:54:35.713] thr=2   paramiko.transport: EOF in transport thread
DEB [20170730-16:54:35.823] thr=5   paramiko.transport: EOF in transport thread
DEB [20170730-16:54:35.934] thr=6   paramiko.transport: EOF in transport thread
DEB [20170730-16:54:36.013] thr=3   paramiko.transport: EOF in transport thread
DEB [20170730-16:54:37.236] thr=1   paramiko.transport: [chan 0] Max packet in: 32768 bytes
DEB [20170730-16:54:37.236] thr=2   paramiko.transport: [chan 0] Max packet out: 32768 bytes
DEB [20170730-16:54:37.236] thr=2   paramiko.transport: Secsh channel 0 opened.
DEB [20170730-16:54:37.252] thr=2   paramiko.transport: [chan 0] Sesch channel 0 request ok
DEB [20170730-16:54:37.299] thr=2   paramiko.transport: [chan 0] EOF received (0)
DEB [20170730-16:54:37.299] thr=2   paramiko.transport: [chan 0] EOF sent (0)
DEB [20170730-16:54:37.313] thr=3   paramiko.transport: starting thread (client mode): 0x43f5f70L
DEB [20170730-16:54:37.313] thr=3   paramiko.transport: Local version/idstring: SSH-2.0-paramiko_2.2.1
DEB [20170730-16:54:37.345] thr=3   paramiko.transport: Remote version/idstring: SSH-2.0-OpenSSH_6.7p1 Raspbian-5+deb8u3
INF [20170730-16:54:37.345] thr=3   paramiko.transport: Connected (version 2.0, client OpenSSH_6.7p1)
DEB [20170730-16:54:37.361] thr=3   paramiko.transport: kex algos:[u'curve25519-sha256@libssh.org', u'ecdh-sha2-nistp256', u'ecdh-sha2-nistp384', u'ecdh-sha2-nistp521', u'diffie-hellman-group-exchange-sha256', u'diffie-hellman-group14-sha1'] server key:[u'ssh-rsa', u'ssh-dss', u'ecdsa-sha2-nistp256', u'ssh-ed25519'] client encrypt:[u'aes128-ctr', u'aes192-ctr', u'aes256-ctr', u'aes128-gcm@openssh.com', u'aes256-gcm@openssh.com', u'chacha20-poly1305@openssh.com'] server encrypt:[u'aes128-ctr', u'aes192-ctr', u'aes256-ctr', u'aes128-gcm@openssh.com', u'aes256-gcm@openssh.com', u'chacha20-poly1305@openssh.com'] client mac:[u'umac-64-etm@openssh.com', u'umac-128-etm@openssh.com', u'hmac-sha2-256-etm@openssh.com', u'hmac-sha2-512-etm@openssh.com', u'hmac-sha1-etm@openssh.com', u'umac-64@openssh.com', u'umac-128@openssh.com', u'hmac-sha2-256', u'hmac-sha2-512', u'hmac-sha1'] server mac:[u'umac-64-etm@openssh.com', u'umac-128-etm@openssh.com', u'hmac-sha2-256-etm@openssh.com', u'hmac-sha2-512-etm@openssh.com', u'hmac-sha1-etm@openssh.com', u'umac-64@openssh.com', u'umac-128@openssh.com', u'hmac-sha2-256', u'hmac-sha2-512', u'hmac-sha1'] client compress:[u'none', u'zlib@openssh.com'] server compress:[u'none', u'zlib@openssh.com'] client lang:[u''] server lang:[u''] kex follows?False
DEB [20170730-16:54:37.361] thr=3   paramiko.transport: Kex agreed: ecdh-sha2-nistp256
DEB [20170730-16:54:37.361] thr=3   paramiko.transport: HostKey agreed: ssh-ed25519
DEB [20170730-16:54:37.361] thr=3   paramiko.transport: Cipher agreed: aes128-ctr
DEB [20170730-16:54:37.361] thr=3   paramiko.transport: MAC agreed: hmac-sha2-256
DEB [20170730-16:54:37.361] thr=3   paramiko.transport: Compression agreed: none
DEB [20170730-16:54:37.391] thr=3   paramiko.transport: kex engine KexNistp256 specified hash_algo <built-in function openssl_sha256>
DEB [20170730-16:54:37.391] thr=3   paramiko.transport: Switch to new keys ...
DEB [20170730-16:54:37.407] thr=4   paramiko.transport: Adding ssh-ed25519 host key for 192.168.1.120: bda4187b21b0a9267d559331a156cac2
DEB [20170730-16:54:37.438] thr=3   paramiko.transport: userauth is OK
INF [20170730-16:54:37.549] thr=3   paramiko.transport: Authentication (password) successful!
DEB [20170730-16:54:37.563] thr=4   paramiko.transport: [chan 0] Max packet in: 32768 bytes
DEB [20170730-16:54:37.683] thr=3   paramiko.transport: [chan 0] Max packet out: 32768 bytes
DEB [20170730-16:54:37.683] thr=3   paramiko.transport: Secsh channel 0 opened.
DEB [20170730-16:54:37.698] thr=3   paramiko.transport: [chan 0] Sesch channel 0 request ok
DEB [20170730-16:54:37.698] thr=3   paramiko.transport: [chan 0] Sesch channel 0 request ok
DEB [20170730-16:55:37.464] thr=2   paramiko.transport: EOF in transport thread
DEB [20170730-16:55:37.512] thr=5   paramiko.transport: EOF in transport thread
DEB [20170730-16:55:37.575] thr=6   paramiko.transport: EOF in transport thread
DEB [20170730-16:55:37.621] thr=3   paramiko.transport: EOF in transport thread
DEB [20170730-17:32:36.503] thr=1   paramiko.transport: [chan 0] Max packet in: 32768 bytes
DEB [20170730-17:32:36.503] thr=2   paramiko.transport: [chan 0] Max packet out: 32768 bytes
DEB [20170730-17:32:36.503] thr=2   paramiko.transport: Secsh channel 0 opened.
DEB [20170730-17:32:36.519] thr=2   paramiko.transport: [chan 0] Sesch channel 0 request ok
DEB [20170730-17:32:36.644] thr=2   paramiko.transport: [chan 0] EOF received (0)
DEB [20170730-17:32:36.644] thr=2   paramiko.transport: [chan 0] EOF sent (0)
DEB [20170730-17:32:36.691] thr=1   paramiko.transport: [chan 1] Max packet in: 32768 bytes
DEB [20170730-17:32:36.691] thr=2   paramiko.transport: [chan 1] Max packet out: 32768 bytes
DEB [20170730-17:32:36.691] thr=2   paramiko.transport: Secsh channel 1 opened.
DEB [20170730-17:32:36.707] thr=2   paramiko.transport: [chan 1] Sesch channel 1 request ok
DEB [20170730-17:32:36.707] thr=3   paramiko.transport: starting thread (client mode): 0x3c8be10L
DEB [20170730-17:32:36.707] thr=3   paramiko.transport: Local version/idstring: SSH-2.0-paramiko_2.2.1
DEB [20170730-17:32:36.739] thr=3   paramiko.transport: Remote version/idstring: SSH-2.0-OpenSSH_6.7p1 Raspbian-5+deb8u3
INF [20170730-17:32:36.739] thr=3   paramiko.transport: Connected (version 2.0, client OpenSSH_6.7p1)
DEB [20170730-17:32:36.739] thr=3   paramiko.transport: kex algos:[u'curve25519-sha256@libssh.org', u'ecdh-sha2-nistp256', u'ecdh-sha2-nistp384', u'ecdh-sha2-nistp521', u'diffie-hellman-group-exchange-sha256', u'diffie-hellman-group14-sha1'] server key:[u'ssh-rsa', u'ssh-dss', u'ecdsa-sha2-nistp256', u'ssh-ed25519'] client encrypt:[u'aes128-ctr', u'aes192-ctr', u'aes256-ctr', u'aes128-gcm@openssh.com', u'aes256-gcm@openssh.com', u'chacha20-poly1305@openssh.com'] server encrypt:[u'aes128-ctr', u'aes192-ctr', u'aes256-ctr', u'aes128-gcm@openssh.com', u'aes256-gcm@openssh.com', u'chacha20-poly1305@openssh.com'] client mac:[u'umac-64-etm@openssh.com', u'umac-128-etm@openssh.com', u'hmac-sha2-256-etm@openssh.com', u'hmac-sha2-512-etm@openssh.com', u'hmac-sha1-etm@openssh.com', u'umac-64@openssh.com', u'umac-128@openssh.com', u'hmac-sha2-256', u'hmac-sha2-512', u'hmac-sha1'] server mac:[u'umac-64-etm@openssh.com', u'umac-128-etm@openssh.com', u'hmac-sha2-256-etm@openssh.com', u'hmac-sha2-512-etm@openssh.com', u'hmac-sha1-etm@openssh.com', u'umac-64@openssh.com', u'umac-128@openssh.com', u'hmac-sha2-256', u'hmac-sha2-512', u'hmac-sha1'] client compress:[u'none', u'zlib@openssh.com'] server compress:[u'none', u'zlib@openssh.com'] client lang:[u''] server lang:[u''] kex follows?False
DEB [20170730-17:32:36.753] thr=3   paramiko.transport: Kex agreed: ecdh-sha2-nistp256
DEB [20170730-17:32:36.753] thr=3   paramiko.transport: HostKey agreed: ssh-ed25519
DEB [20170730-17:32:36.753] thr=3   paramiko.transport: Cipher agreed: aes128-ctr
DEB [20170730-17:32:36.753] thr=3   paramiko.transport: MAC agreed: hmac-sha2-256
DEB [20170730-17:32:36.753] thr=3   paramiko.transport: Compression agreed: none
DEB [20170730-17:32:37.098] thr=3   paramiko.transport: kex engine KexNistp256 specified hash_algo <built-in function openssl_sha256>
DEB [20170730-17:32:37.098] thr=3   paramiko.transport: Switch to new keys ...
DEB [20170730-17:32:37.128] thr=4   paramiko.transport: Adding ssh-ed25519 host key for 192.168.1.120: bda4187b21b0a9267d559331a156cac2
DEB [20170730-17:32:37.144] thr=3   paramiko.transport: userauth is OK
INF [20170730-17:32:37.253] thr=3   paramiko.transport: Authentication (password) successful!
DEB [20170730-17:32:37.269] thr=4   paramiko.transport: [chan 0] Max packet in: 32768 bytes
DEB [20170730-17:32:37.364] thr=3   paramiko.transport: [chan 0] Max packet out: 32768 bytes
DEB [20170730-17:32:37.364] thr=3   paramiko.transport: Secsh channel 0 opened.
DEB [20170730-17:32:37.378] thr=3   paramiko.transport: [chan 0] Sesch channel 0 request ok
DEB [20170730-17:32:37.394] thr=3   paramiko.transport: [chan 0] Sesch channel 0 request ok
DEB [20170730-17:32:44.473] thr=5   paramiko.transport: [chan 2] Max packet in: 32768 bytes
DEB [20170730-17:32:44.473] thr=2   paramiko.transport: [chan 2] Max packet out: 32768 bytes
DEB [20170730-17:32:44.473] thr=2   paramiko.transport: Secsh channel 2 opened.
DEB [20170730-17:32:44.489] thr=2   paramiko.transport: [chan 1] EOF sent (1)
DEB [20170730-17:32:44.489] thr=2   paramiko.transport: [chan 2] Sesch channel 2 request ok
DEB [20170730-17:32:44.582] thr=2   paramiko.transport: [chan 2] EOF received (2)
DEB [20170730-17:32:44.582] thr=2   paramiko.transport: [chan 2] EOF sent (2)
DEB [20170730-17:32:45.019] thr=5   paramiko.transport: [chan 3] Max packet in: 32768 bytes
DEB [20170730-17:32:45.019] thr=2   paramiko.transport: [chan 3] Max packet out: 32768 bytes
DEB [20170730-17:32:45.019] thr=2   paramiko.transport: Secsh channel 3 opened.
DEB [20170730-17:32:45.035] thr=2   paramiko.transport: [chan 3] Sesch channel 3 request ok
DEB [20170730-17:32:45.098] thr=2   paramiko.transport: [chan 3] EOF received (3)
DEB [20170730-17:32:45.098] thr=2   paramiko.transport: [chan 3] EOF sent (3)
DEB [20170730-17:32:45.473] thr=5   paramiko.transport: [chan 4] Max packet in: 32768 bytes
DEB [20170730-17:32:45.473] thr=2   paramiko.transport: [chan 4] Max packet out: 32768 bytes
DEB [20170730-17:32:45.473] thr=2   paramiko.transport: Secsh channel 4 opened.
DEB [20170730-17:32:45.489] thr=2   paramiko.transport: [chan 4] Sesch channel 4 request ok
DEB [20170730-17:32:45.535] thr=2   paramiko.transport: [chan 4] EOF received (4)
DEB [20170730-17:32:45.535] thr=2   paramiko.transport: [chan 4] EOF sent (4)
DEB [20170730-17:32:45.926] thr=5   paramiko.transport: [chan 5] Max packet in: 32768 bytes
DEB [20170730-17:32:45.926] thr=2   paramiko.transport: [chan 5] Max packet out: 32768 bytes
DEB [20170730-17:32:45.926] thr=2   paramiko.transport: Secsh channel 5 opened.
DEB [20170730-17:32:45.941] thr=2   paramiko.transport: [chan 5] Sesch channel 5 request ok
DEB [20170730-17:32:45.989] thr=2   paramiko.transport: [chan 5] EOF received (5)
DEB [20170730-17:32:45.989] thr=2   paramiko.transport: [chan 5] EOF sent (5)
DEB [20170730-17:32:46.253] thr=5   paramiko.transport: [chan 6] Max packet in: 32768 bytes
DEB [20170730-17:32:46.253] thr=2   paramiko.transport: [chan 6] Max packet out: 32768 bytes
DEB [20170730-17:32:46.253] thr=2   paramiko.transport: Secsh channel 6 opened.
DEB [20170730-17:32:46.269] thr=2   paramiko.transport: [chan 6] Sesch channel 6 request ok
DEB [20170730-17:32:46.316] thr=2   paramiko.transport: [chan 6] EOF received (6)
DEB [20170730-17:32:46.332] thr=2   paramiko.transport: [chan 6] EOF sent (6)
DEB [20170730-17:32:46.707] thr=5   paramiko.transport: [chan 7] Max packet in: 32768 bytes
DEB [20170730-17:32:46.707] thr=2   paramiko.transport: [chan 7] Max packet out: 32768 bytes
DEB [20170730-17:32:46.707] thr=2   paramiko.transport: Secsh channel 7 opened.
DEB [20170730-17:32:46.723] thr=2   paramiko.transport: [chan 7] Sesch channel 7 request ok
DEB [20170730-17:32:46.769] thr=2   paramiko.transport: [chan 7] EOF received (7)
DEB [20170730-17:32:46.769] thr=2   paramiko.transport: [chan 7] EOF sent (7)
DEB [20170730-17:32:47.003] thr=5   paramiko.transport: [chan 8] Max packet in: 32768 bytes
DEB [20170730-17:32:47.003] thr=2   paramiko.transport: [chan 8] Max packet out: 32768 bytes
DEB [20170730-17:32:47.003] thr=2   paramiko.transport: Secsh channel 8 opened.
DEB [20170730-17:32:47.019] thr=2   paramiko.transport: [chan 8] Sesch channel 8 request ok
DEB [20170730-17:32:47.066] thr=2   paramiko.transport: [chan 8] EOF received (8)
DEB [20170730-17:32:47.066] thr=2   paramiko.transport: [chan 8] EOF sent (8)
DEB [20170730-17:32:47.114] thr=5   paramiko.transport: [chan 9] Max packet in: 32768 bytes
DEB [20170730-17:32:47.114] thr=2   paramiko.transport: [chan 9] Max packet out: 32768 bytes
DEB [20170730-17:32:47.114] thr=2   paramiko.transport: Secsh channel 9 opened.
DEB [20170730-17:32:47.128] thr=2   paramiko.transport: [chan 9] Sesch channel 9 request ok
DEB [20170730-17:32:47.176] thr=2   paramiko.transport: [chan 9] EOF received (9)
DEB [20170730-17:32:47.176] thr=2   paramiko.transport: [chan 9] EOF sent (9)
DEB [20170730-17:32:47.348] thr=5   paramiko.transport: [chan 10] Max packet in: 32768 bytes
DEB [20170730-17:32:47.348] thr=2   paramiko.transport: [chan 10] Max packet out: 32768 bytes
DEB [20170730-17:32:47.348] thr=2   paramiko.transport: Secsh channel 10 opened.
DEB [20170730-17:32:47.364] thr=2   paramiko.transport: [chan 10] Sesch channel 10 request ok
DEB [20170730-17:32:47.410] thr=2   paramiko.transport: [chan 10] EOF received (10)
DEB [20170730-17:32:47.410] thr=2   paramiko.transport: [chan 10] EOF sent (10)
DEB [20170730-17:32:47.489] thr=5   paramiko.transport: [chan 11] Max packet in: 32768 bytes
DEB [20170730-17:32:47.489] thr=2   paramiko.transport: [chan 11] Max packet out: 32768 bytes
DEB [20170730-17:32:47.489] thr=2   paramiko.transport: Secsh channel 11 opened.
DEB [20170730-17:32:47.503] thr=2   paramiko.transport: [chan 11] Sesch channel 11 request ok
DEB [20170730-17:32:47.582] thr=2   paramiko.transport: [chan 11] EOF received (11)
DEB [20170730-17:32:47.582] thr=2   paramiko.transport: [chan 11] EOF sent (11)
DEB [20170730-17:32:47.691] thr=5   paramiko.transport: [chan 12] Max packet in: 32768 bytes
DEB [20170730-17:32:47.691] thr=2   paramiko.transport: [chan 12] Max packet out: 32768 bytes
DEB [20170730-17:32:47.691] thr=2   paramiko.transport: Secsh channel 12 opened.
DEB [20170730-17:32:47.707] thr=2   paramiko.transport: [chan 12] Sesch channel 12 request ok
DEB [20170730-17:32:47.753] thr=2   paramiko.transport: [chan 12] EOF received (12)
DEB [20170730-17:32:47.753] thr=2   paramiko.transport: [chan 12] EOF sent (12)
DEB [20170730-17:32:47.989] thr=5   paramiko.transport: [chan 13] Max packet in: 32768 bytes
DEB [20170730-17:32:47.989] thr=2   paramiko.transport: [chan 13] Max packet out: 32768 bytes
DEB [20170730-17:32:47.989] thr=2   paramiko.transport: Secsh channel 13 opened.
DEB [20170730-17:32:48.003] thr=2   paramiko.transport: [chan 13] Sesch channel 13 request ok
DEB [20170730-17:32:48.051] thr=2   paramiko.transport: [chan 13] EOF received (13)
DEB [20170730-17:32:48.051] thr=2   paramiko.transport: [chan 13] EOF sent (13)
DEB [20170730-17:33:11.957] thr=5   paramiko.transport: [chan 14] Max packet in: 32768 bytes
DEB [20170730-17:33:11.957] thr=2   paramiko.transport: [chan 14] Max packet out: 32768 bytes
DEB [20170730-17:33:11.957] thr=2   paramiko.transport: Secsh channel 14 opened.
DEB [20170730-17:33:11.987] thr=2   paramiko.transport: [chan 14] Sesch channel 14 request ok
DEB [20170730-17:33:12.065] thr=5   paramiko.transport: [chan 15] Max packet in: 32768 bytes
DEB [20170730-17:33:12.065] thr=2   paramiko.transport: [chan 15] Max packet out: 32768 bytes
DEB [20170730-17:33:12.065] thr=2   paramiko.transport: Secsh channel 15 opened.
DEB [20170730-17:33:12.082] thr=2   paramiko.transport: [chan 14] EOF sent (14)
DEB [20170730-17:33:12.082] thr=2   paramiko.transport: [chan 15] Sesch channel 15 request ok
DEB [20170730-17:33:12.082] thr=2   paramiko.transport: [chan 15] EOF sent (15)
DEB [20170730-17:33:12.082] thr=2   paramiko.transport: Ignoring message for dead channel 14
DEB [20170730-17:33:12.082] thr=2   paramiko.transport: Ignoring message for dead channel 14
DEB [20170730-17:33:12.096] thr=2   paramiko.transport: Ignoring message for dead channel 14
DEB [20170730-17:33:12.128] thr=2   paramiko.transport: Ignoring message for dead channel 15
DEB [20170730-17:33:12.128] thr=2   paramiko.transport: Ignoring message for dead channel 15
DEB [20170730-17:33:12.128] thr=2   paramiko.transport: Ignoring message for dead channel 15
DEB [20170730-17:33:12.128] thr=2   paramiko.transport: Ignoring message for dead channel 15
DEB [20170730-17:33:12.457] thr=5   paramiko.transport: [chan 16] Max packet in: 32768 bytes
DEB [20170730-17:33:12.457] thr=2   paramiko.transport: [chan 16] Max packet out: 32768 bytes
DEB [20170730-17:33:12.457] thr=2   paramiko.transport: Secsh channel 16 opened.
DEB [20170730-17:33:12.471] thr=2   paramiko.transport: [chan 16] Sesch channel 16 request ok
DEB [20170730-17:33:12.565] thr=5   paramiko.transport: [chan 17] Max packet in: 32768 bytes
DEB [20170730-17:33:12.565] thr=2   paramiko.transport: [chan 16] EOF received (16)
DEB [20170730-17:33:12.565] thr=2   paramiko.transport: [chan 16] EOF sent (16)
DEB [20170730-17:33:12.565] thr=2   paramiko.transport: [chan 17] Max packet out: 32768 bytes
DEB [20170730-17:33:12.565] thr=2   paramiko.transport: Secsh channel 17 opened.
DEB [20170730-17:33:12.612] thr=2   paramiko.transport: [chan 17] Sesch channel 17 request ok
DEB [20170730-17:33:12.674] thr=2   paramiko.transport: [chan 17] EOF received (17)
DEB [20170730-17:33:12.674] thr=2   paramiko.transport: [chan 17] EOF sent (17)
DEB [20170730-17:33:12.940] thr=5   paramiko.transport: [chan 18] Max packet in: 32768 bytes
DEB [20170730-17:33:12.940] thr=2   paramiko.transport: [chan 18] Max packet out: 32768 bytes
DEB [20170730-17:33:12.940] thr=2   paramiko.transport: Secsh channel 18 opened.
DEB [20170730-17:33:12.957] thr=2   paramiko.transport: [chan 18] Sesch channel 18 request ok
DEB [20170730-17:33:13.019] thr=2   paramiko.transport: [chan 18] EOF received (18)
DEB [20170730-17:33:13.019] thr=2   paramiko.transport: [chan 18] EOF sent (18)
DEB [20170730-17:33:14.924] thr=5   paramiko.transport: [chan 19] Max packet in: 32768 bytes
DEB [20170730-17:33:14.924] thr=2   paramiko.transport: [chan 19] Max packet out: 32768 bytes
DEB [20170730-17:33:14.924] thr=2   paramiko.transport: Secsh channel 19 opened.
DEB [20170730-17:33:14.940] thr=2   paramiko.transport: [chan 19] Sesch channel 19 request ok
DEB [20170730-17:33:14.987] thr=2   paramiko.transport: [chan 19] EOF received (19)
DEB [20170730-17:33:15.003] thr=2   paramiko.transport: [chan 19] EOF sent (19)
DEB [20170730-17:33:20.690] thr=5   paramiko.transport: [chan 20] Max packet in: 32768 bytes
DEB [20170730-17:33:20.690] thr=2   paramiko.transport: [chan 20] Max packet out: 32768 bytes
DEB [20170730-17:33:20.690] thr=2   paramiko.transport: Secsh channel 20 opened.
DEB [20170730-17:33:20.707] thr=2   paramiko.transport: [chan 20] Sesch channel 20 request ok
DEB [20170730-17:33:20.799] thr=2   paramiko.transport: [chan 20] EOF received (20)
DEB [20170730-17:33:20.799] thr=2   paramiko.transport: [chan 20] EOF sent (20)
DEB [20170730-17:33:28.704] thr=5   paramiko.transport: [chan 21] Max packet in: 32768 bytes
DEB [20170730-17:33:28.704] thr=2   paramiko.transport: [chan 21] Max packet out: 32768 bytes
DEB [20170730-17:33:28.704] thr=2   paramiko.transport: Secsh channel 21 opened.
DEB [20170730-17:33:28.720] thr=2   paramiko.transport: [chan 21] Sesch channel 21 request ok
DEB [20170730-17:33:28.798] thr=2   paramiko.transport: [chan 21] EOF received (21)
DEB [20170730-17:33:28.798] thr=2   paramiko.transport: [chan 21] EOF sent (21)
DEB [20170730-17:33:29.250] thr=5   paramiko.transport: [chan 22] Max packet in: 32768 bytes
DEB [20170730-17:33:29.250] thr=2   paramiko.transport: [chan 22] Max packet out: 32768 bytes
DEB [20170730-17:33:29.250] thr=2   paramiko.transport: Secsh channel 22 opened.
DEB [20170730-17:33:29.266] thr=2   paramiko.transport: [chan 22] Sesch channel 22 request ok
DEB [20170730-17:33:29.313] thr=2   paramiko.transport: [chan 22] EOF received (22)
DEB [20170730-17:33:29.313] thr=2   paramiko.transport: [chan 22] EOF sent (22)
DEB [20170730-17:33:58.694] thr=5   paramiko.transport: [chan 23] Max packet in: 32768 bytes
DEB [20170730-17:33:58.694] thr=2   paramiko.transport: [chan 23] Max packet out: 32768 bytes
DEB [20170730-17:33:58.694] thr=2   paramiko.transport: Secsh channel 23 opened.
DEB [20170730-17:33:58.710] thr=2   paramiko.transport: [chan 23] Sesch channel 23 request ok
DEB [20170730-17:33:58.788] thr=2   paramiko.transport: [chan 23] EOF received (23)
DEB [20170730-17:33:58.788] thr=2   paramiko.transport: [chan 23] EOF sent (23)
DEB [20170730-17:33:59.897] thr=5   paramiko.transport: [chan 24] Max packet in: 32768 bytes
DEB [20170730-17:33:59.897] thr=2   paramiko.transport: [chan 24] Max packet out: 32768 bytes
DEB [20170730-17:33:59.897] thr=2   paramiko.transport: Secsh channel 24 opened.
DEB [20170730-17:33:59.913] thr=2   paramiko.transport: [chan 24] Sesch channel 24 request ok
DEB [20170730-17:33:59.974] thr=2   paramiko.transport: [chan 24] EOF received (24)
DEB [20170730-17:33:59.974] thr=2   paramiko.transport: [chan 24] EOF sent (24)
DEB [20170730-17:34:00.319] thr=5   paramiko.transport: [chan 25] Max packet in: 32768 bytes
DEB [20170730-17:34:00.319] thr=2   paramiko.transport: [chan 25] Max packet out: 32768 bytes
DEB [20170730-17:34:00.319] thr=2   paramiko.transport: Secsh channel 25 opened.
DEB [20170730-17:34:00.335] thr=2   paramiko.transport: [chan 25] Sesch channel 25 request ok
DEB [20170730-17:34:00.381] thr=2   paramiko.transport: [chan 25] EOF received (25)
DEB [20170730-17:34:00.381] thr=2   paramiko.transport: [chan 25] EOF sent (25)
DEB [20170730-17:34:00.677] thr=5   paramiko.transport: [chan 26] Max packet in: 32768 bytes
DEB [20170730-17:34:00.677] thr=2   paramiko.transport: [chan 26] Max packet out: 32768 bytes
DEB [20170730-17:34:00.677] thr=2   paramiko.transport: Secsh channel 26 opened.
DEB [20170730-17:34:00.694] thr=2   paramiko.transport: [chan 26] Sesch channel 26 request ok
DEB [20170730-17:34:00.740] thr=2   paramiko.transport: [chan 26] EOF received (26)
DEB [20170730-17:34:00.740] thr=2   paramiko.transport: [chan 26] EOF sent (26)
DEB [20170730-17:34:00.944] thr=5   paramiko.transport: [chan 27] Max packet in: 32768 bytes
DEB [20170730-17:34:00.944] thr=2   paramiko.transport: [chan 27] Max packet out: 32768 bytes
DEB [20170730-17:34:00.944] thr=2   paramiko.transport: Secsh channel 27 opened.
DEB [20170730-17:34:00.960] thr=2   paramiko.transport: [chan 27] Sesch channel 27 request ok
DEB [20170730-17:34:01.006] thr=2   paramiko.transport: [chan 27] EOF received (27)
DEB [20170730-17:34:01.006] thr=2   paramiko.transport: [chan 27] EOF sent (27)
DEB [20170730-17:34:01.177] thr=5   paramiko.transport: [chan 28] Max packet in: 32768 bytes
DEB [20170730-17:34:01.177] thr=2   paramiko.transport: [chan 28] Max packet out: 32768 bytes
DEB [20170730-17:34:01.177] thr=2   paramiko.transport: Secsh channel 28 opened.
DEB [20170730-17:34:01.194] thr=2   paramiko.transport: [chan 28] Sesch channel 28 request ok
DEB [20170730-17:34:01.240] thr=2   paramiko.transport: [chan 28] EOF received (28)
DEB [20170730-17:34:01.240] thr=2   paramiko.transport: [chan 28] EOF sent (28)
DEB [20170730-17:34:01.319] thr=5   paramiko.transport: [chan 29] Max packet in: 32768 bytes
DEB [20170730-17:34:01.319] thr=2   paramiko.transport: [chan 29] Max packet out: 32768 bytes
DEB [20170730-17:34:01.319] thr=2   paramiko.transport: Secsh channel 29 opened.
DEB [20170730-17:34:01.335] thr=2   paramiko.transport: [chan 29] Sesch channel 29 request ok
DEB [20170730-17:34:01.381] thr=2   paramiko.transport: [chan 29] EOF received (29)
DEB [20170730-17:34:01.381] thr=2   paramiko.transport: [chan 29] EOF sent (29)
DEB [20170730-17:34:01.460] thr=5   paramiko.transport: [chan 30] Max packet in: 32768 bytes
DEB [20170730-17:34:01.460] thr=2   paramiko.transport: [chan 30] Max packet out: 32768 bytes
DEB [20170730-17:34:01.460] thr=2   paramiko.transport: Secsh channel 30 opened.
DEB [20170730-17:34:01.474] thr=2   paramiko.transport: [chan 30] Sesch channel 30 request ok
DEB [20170730-17:34:01.522] thr=2   paramiko.transport: [chan 30] EOF received (30)
DEB [20170730-17:34:01.522] thr=2   paramiko.transport: [chan 30] EOF sent (30)
DEB [20170730-17:34:01.599] thr=5   paramiko.transport: [chan 31] Max packet in: 32768 bytes
DEB [20170730-17:34:01.599] thr=2   paramiko.transport: [chan 31] Max packet out: 32768 bytes
DEB [20170730-17:34:01.599] thr=2   paramiko.transport: Secsh channel 31 opened.
DEB [20170730-17:34:01.615] thr=2   paramiko.transport: [chan 31] Sesch channel 31 request ok
DEB [20170730-17:34:01.663] thr=2   paramiko.transport: [chan 31] EOF received (31)
DEB [20170730-17:34:01.663] thr=2   paramiko.transport: [chan 31] EOF sent (31)
DEB [20170730-17:34:01.740] thr=5   paramiko.transport: [chan 32] Max packet in: 32768 bytes
DEB [20170730-17:34:01.740] thr=2   paramiko.transport: [chan 32] Max packet out: 32768 bytes
DEB [20170730-17:34:01.740] thr=2   paramiko.transport: Secsh channel 32 opened.
DEB [20170730-17:34:01.756] thr=2   paramiko.transport: [chan 32] Sesch channel 32 request ok
DEB [20170730-17:34:01.788] thr=5   paramiko.transport: [chan 33] Max packet in: 32768 bytes
DEB [20170730-17:34:01.788] thr=2   paramiko.transport: [chan 33] Max packet out: 32768 bytes
DEB [20170730-17:34:01.788] thr=2   paramiko.transport: Secsh channel 33 opened.
DEB [20170730-17:34:01.802] thr=2   paramiko.transport: [chan 32] EOF sent (32)
DEB [20170730-17:34:01.802] thr=2   paramiko.transport: [chan 33] Sesch channel 33 request ok
DEB [20170730-17:34:01.802] thr=2   paramiko.transport: [chan 33] EOF sent (33)
DEB [20170730-17:34:01.802] thr=2   paramiko.transport: Ignoring message for dead channel 32
DEB [20170730-17:34:01.802] thr=2   paramiko.transport: Ignoring message for dead channel 32
DEB [20170730-17:34:01.802] thr=2   paramiko.transport: Ignoring message for dead channel 32
DEB [20170730-17:34:01.849] thr=2   paramiko.transport: Ignoring message for dead channel 33
DEB [20170730-17:34:01.849] thr=2   paramiko.transport: Ignoring message for dead channel 33
DEB [20170730-17:34:01.849] thr=2   paramiko.transport: Ignoring message for dead channel 33
DEB [20170730-17:34:02.038] thr=5   paramiko.transport: [chan 34] Max packet in: 32768 bytes
DEB [20170730-17:34:02.038] thr=2   paramiko.transport: [chan 34] Max packet out: 32768 bytes
DEB [20170730-17:34:02.038] thr=2   paramiko.transport: Secsh channel 34 opened.
DEB [20170730-17:34:02.052] thr=2   paramiko.transport: [chan 34] Sesch channel 34 request ok
DEB [20170730-17:34:02.099] thr=2   paramiko.transport: [chan 34] EOF received (34)
DEB [20170730-17:34:02.099] thr=2   paramiko.transport: [chan 34] EOF sent (34)
DEB [20170730-17:34:02.177] thr=5   paramiko.transport: [chan 35] Max packet in: 32768 bytes
DEB [20170730-17:34:02.177] thr=2   paramiko.transport: [chan 35] Max packet out: 32768 bytes
DEB [20170730-17:34:02.177] thr=2   paramiko.transport: Secsh channel 35 opened.
DEB [20170730-17:34:02.194] thr=2   paramiko.transport: [chan 35] Sesch channel 35 request ok
DEB [20170730-17:34:02.240] thr=2   paramiko.transport: [chan 35] EOF received (35)
DEB [20170730-17:34:02.240] thr=2   paramiko.transport: [chan 35] EOF sent (35)
DEB [20170730-17:34:02.413] thr=5   paramiko.transport: [chan 36] Max packet in: 32768 bytes
DEB [20170730-17:34:02.413] thr=2   paramiko.transport: [chan 36] Max packet out: 32768 bytes
DEB [20170730-17:34:02.413] thr=2   paramiko.transport: Secsh channel 36 opened.
DEB [20170730-17:34:02.427] thr=2   paramiko.transport: [chan 36] Sesch channel 36 request ok
DEB [20170730-17:34:02.474] thr=2   paramiko.transport: [chan 36] EOF received (36)
DEB [20170730-17:34:02.474] thr=2   paramiko.transport: [chan 36] EOF sent (36)
DEB [20170730-17:34:02.490] thr=5   paramiko.transport: [chan 37] Max packet in: 32768 bytes
DEB [20170730-17:34:02.522] thr=2   paramiko.transport: [chan 37] Max packet out: 32768 bytes
DEB [20170730-17:34:02.522] thr=2   paramiko.transport: Secsh channel 37 opened.
DEB [20170730-17:34:02.552] thr=2   paramiko.transport: [chan 37] Sesch channel 37 request ok
DEB [20170730-17:34:02.647] thr=2   paramiko.transport: [chan 37] EOF received (37)
DEB [20170730-17:34:02.647] thr=2   paramiko.transport: [chan 37] EOF sent (37)
DEB [20170730-17:34:02.694] thr=5   paramiko.transport: [chan 38] Max packet in: 32768 bytes
DEB [20170730-17:34:02.694] thr=2   paramiko.transport: [chan 38] Max packet out: 32768 bytes
DEB [20170730-17:34:02.710] thr=2   paramiko.transport: Secsh channel 38 opened.
DEB [20170730-17:34:02.724] thr=2   paramiko.transport: [chan 38] Sesch channel 38 request ok
DEB [20170730-17:34:02.772] thr=5   paramiko.transport: [chan 39] Max packet in: 32768 bytes
DEB [20170730-17:34:02.772] thr=2   paramiko.transport: [chan 39] Max packet out: 32768 bytes
DEB [20170730-17:34:02.772] thr=2   paramiko.transport: Secsh channel 39 opened.
DEB [20170730-17:34:02.788] thr=2   paramiko.transport: [chan 38] EOF received (38)
DEB [20170730-17:34:02.788] thr=2   paramiko.transport: [chan 38] EOF sent (38)
DEB [20170730-17:34:02.788] thr=2   paramiko.transport: [chan 39] Sesch channel 39 request ok
DEB [20170730-17:34:02.835] thr=2   paramiko.transport: [chan 39] EOF received (39)
DEB [20170730-17:34:02.849] thr=2   paramiko.transport: [chan 39] EOF sent (39)
DEB [20170730-17:34:03.006] thr=5   paramiko.transport: [chan 40] Max packet in: 32768 bytes
DEB [20170730-17:34:03.006] thr=2   paramiko.transport: [chan 40] Max packet out: 32768 bytes
DEB [20170730-17:34:03.006] thr=2   paramiko.transport: Secsh channel 40 opened.
DEB [20170730-17:34:03.022] thr=2   paramiko.transport: [chan 40] Sesch channel 40 request ok
DEB [20170730-17:34:03.069] thr=2   paramiko.transport: [chan 40] EOF received (40)
DEB [20170730-17:34:03.069] thr=2   paramiko.transport: [chan 40] EOF sent (40)
DEB [20170730-17:34:03.085] thr=5   paramiko.transport: [chan 41] Max packet in: 32768 bytes
DEB [20170730-17:34:03.115] thr=2   paramiko.transport: [chan 41] Max packet out: 32768 bytes
DEB [20170730-17:34:03.115] thr=2   paramiko.transport: Secsh channel 41 opened.
DEB [20170730-17:34:03.131] thr=2   paramiko.transport: [chan 41] Sesch channel 41 request ok
DEB [20170730-17:34:03.177] thr=2   paramiko.transport: [chan 41] EOF received (41)
DEB [20170730-17:34:03.177] thr=2   paramiko.transport: [chan 41] EOF sent (41)
DEB [20170730-17:34:03.288] thr=5   paramiko.transport: [chan 42] Max packet in: 32768 bytes
DEB [20170730-17:34:03.288] thr=2   paramiko.transport: [chan 42] Max packet out: 32768 bytes
DEB [20170730-17:34:03.288] thr=2   paramiko.transport: Secsh channel 42 opened.
DEB [20170730-17:34:03.302] thr=2   paramiko.transport: [chan 42] Sesch channel 42 request ok
DEB [20170730-17:34:03.349] thr=2   paramiko.transport: [chan 42] EOF received (42)
DEB [20170730-17:34:03.349] thr=2   paramiko.transport: [chan 42] EOF sent (42)
DEB [20170730-17:34:03.365] thr=5   paramiko.transport: [chan 43] Max packet in: 32768 bytes
DEB [20170730-17:34:03.397] thr=2   paramiko.transport: [chan 43] Max packet out: 32768 bytes
DEB [20170730-17:34:03.397] thr=2   paramiko.transport: Secsh channel 43 opened.
DEB [20170730-17:34:03.413] thr=2   paramiko.transport: [chan 43] Sesch channel 43 request ok
DEB [20170730-17:34:03.460] thr=2   paramiko.transport: [chan 43] EOF received (43)
DEB [20170730-17:34:03.460] thr=2   paramiko.transport: [chan 43] EOF sent (43)
DEB [20170730-17:34:03.569] thr=5   paramiko.transport: [chan 44] Max packet in: 32768 bytes
DEB [20170730-17:34:03.569] thr=2   paramiko.transport: [chan 44] Max packet out: 32768 bytes
DEB [20170730-17:34:03.569] thr=2   paramiko.transport: Secsh channel 44 opened.
DEB [20170730-17:34:03.585] thr=2   paramiko.transport: [chan 44] Sesch channel 44 request ok
DEB [20170730-17:34:03.631] thr=2   paramiko.transport: [chan 44] EOF received (44)
DEB [20170730-17:34:03.631] thr=2   paramiko.transport: [chan 44] EOF sent (44)
DEB [20170730-17:34:03.677] thr=5   paramiko.transport: [chan 45] Max packet in: 32768 bytes
DEB [20170730-17:34:03.677] thr=2   paramiko.transport: [chan 45] Max packet out: 32768 bytes
DEB [20170730-17:34:03.677] thr=2   paramiko.transport: Secsh channel 45 opened.
DEB [20170730-17:34:03.694] thr=2   paramiko.transport: [chan 45] Sesch channel 45 request ok
DEB [20170730-17:34:03.740] thr=2   paramiko.transport: [chan 45] EOF received (45)
DEB [20170730-17:34:03.740] thr=2   paramiko.transport: [chan 45] EOF sent (45)
DEB [20170730-17:34:03.881] thr=5   paramiko.transport: [chan 46] Max packet in: 32768 bytes
DEB [20170730-17:34:03.881] thr=2   paramiko.transport: [chan 46] Max packet out: 32768 bytes
DEB [20170730-17:34:03.881] thr=2   paramiko.transport: Secsh channel 46 opened.
DEB [20170730-17:34:03.897] thr=2   paramiko.transport: [chan 46] Sesch channel 46 request ok
DEB [20170730-17:34:03.944] thr=2   paramiko.transport: [chan 46] EOF received (46)
DEB [20170730-17:34:03.944] thr=2   paramiko.transport: [chan 46] EOF sent (46)
DEB [20170730-17:34:03.960] thr=5   paramiko.transport: [chan 47] Max packet in: 32768 bytes
DEB [20170730-17:34:03.990] thr=2   paramiko.transport: [chan 47] Max packet out: 32768 bytes
DEB [20170730-17:34:03.990] thr=2   paramiko.transport: Secsh channel 47 opened.
DEB [20170730-17:34:04.006] thr=2   paramiko.transport: [chan 47] Sesch channel 47 request ok
DEB [20170730-17:34:04.052] thr=2   paramiko.transport: [chan 47] EOF received (47)
DEB [20170730-17:34:04.052] thr=2   paramiko.transport: [chan 47] EOF sent (47)
DEB [20170730-17:34:04.163] thr=5   paramiko.transport: [chan 48] Max packet in: 32768 bytes
DEB [20170730-17:34:04.163] thr=2   paramiko.transport: [chan 48] Max packet out: 32768 bytes
DEB [20170730-17:34:04.163] thr=2   paramiko.transport: Secsh channel 48 opened.
DEB [20170730-17:34:04.177] thr=2   paramiko.transport: [chan 48] Sesch channel 48 request ok
DEB [20170730-17:34:04.224] thr=2   paramiko.transport: [chan 48] EOF received (48)
DEB [20170730-17:34:04.224] thr=2   paramiko.transport: [chan 48] EOF sent (48)
DEB [20170730-17:34:04.272] thr=5   paramiko.transport: [chan 49] Max packet in: 32768 bytes
DEB [20170730-17:34:04.272] thr=2   paramiko.transport: [chan 49] Max packet out: 32768 bytes
DEB [20170730-17:34:04.272] thr=2   paramiko.transport: Secsh channel 49 opened.
DEB [20170730-17:34:04.288] thr=2   paramiko.transport: [chan 49] Sesch channel 49 request ok
DEB [20170730-17:34:04.335] thr=2   paramiko.transport: [chan 49] EOF received (49)
DEB [20170730-17:34:04.335] thr=2   paramiko.transport: [chan 49] EOF sent (49)
DEB [20170730-17:34:04.444] thr=5   paramiko.transport: [chan 50] Max packet in: 32768 bytes
DEB [20170730-17:34:04.444] thr=2   paramiko.transport: [chan 50] Max packet out: 32768 bytes
DEB [20170730-17:34:04.444] thr=2   paramiko.transport: Secsh channel 50 opened.
DEB [20170730-17:34:04.460] thr=2   paramiko.transport: [chan 50] Sesch channel 50 request ok
DEB [20170730-17:34:04.506] thr=2   paramiko.transport: [chan 50] EOF received (50)
DEB [20170730-17:34:04.506] thr=2   paramiko.transport: [chan 50] EOF sent (50)
DEB [20170730-17:34:04.552] thr=5   paramiko.transport: [chan 51] Max packet in: 32768 bytes
DEB [20170730-17:34:04.569] thr=2   paramiko.transport: [chan 51] Max packet out: 32768 bytes
DEB [20170730-17:34:04.569] thr=2   paramiko.transport: Secsh channel 51 opened.
DEB [20170730-17:34:04.585] thr=2   paramiko.transport: [chan 51] Sesch channel 51 request ok
DEB [20170730-17:34:04.631] thr=2   paramiko.transport: [chan 51] EOF received (51)
DEB [20170730-17:34:04.647] thr=2   paramiko.transport: [chan 51] EOF sent (51)
DEB [20170730-17:34:04.710] thr=5   paramiko.transport: [chan 52] Max packet in: 32768 bytes
DEB [20170730-17:34:04.710] thr=2   paramiko.transport: [chan 52] Max packet out: 32768 bytes
DEB [20170730-17:34:04.710] thr=2   paramiko.transport: Secsh channel 52 opened.
DEB [20170730-17:34:04.724] thr=2   paramiko.transport: [chan 52] Sesch channel 52 request ok
DEB [20170730-17:34:04.788] thr=2   paramiko.transport: [chan 52] EOF received (52)
DEB [20170730-17:34:04.788] thr=2   paramiko.transport: [chan 52] EOF sent (52)
DEB [20170730-17:34:04.802] thr=5   paramiko.transport: [chan 53] Max packet in: 32768 bytes
DEB [20170730-17:34:04.835] thr=2   paramiko.transport: [chan 53] Max packet out: 32768 bytes
DEB [20170730-17:34:04.835] thr=2   paramiko.transport: Secsh channel 53 opened.
DEB [20170730-17:34:04.849] thr=2   paramiko.transport: [chan 53] Sesch channel 53 request ok
DEB [20170730-17:34:04.897] thr=2   paramiko.transport: [chan 53] EOF received (53)
DEB [20170730-17:34:04.897] thr=2   paramiko.transport: [chan 53] EOF sent (53)
DEB [20170730-17:34:05.038] thr=5   paramiko.transport: [chan 54] Max packet in: 32768 bytes
DEB [20170730-17:34:05.038] thr=2   paramiko.transport: [chan 54] Max packet out: 32768 bytes
DEB [20170730-17:34:05.038] thr=2   paramiko.transport: Secsh channel 54 opened.
DEB [20170730-17:34:05.052] thr=2   paramiko.transport: [chan 54] Sesch channel 54 request ok
DEB [20170730-17:34:05.099] thr=2   paramiko.transport: [chan 54] EOF received (54)
DEB [20170730-17:34:05.115] thr=2   paramiko.transport: [chan 54] EOF sent (54)
DEB [20170730-17:34:05.177] thr=5   paramiko.transport: [chan 55] Max packet in: 32768 bytes
DEB [20170730-17:34:05.177] thr=2   paramiko.transport: [chan 55] Max packet out: 32768 bytes
DEB [20170730-17:34:05.177] thr=2   paramiko.transport: Secsh channel 55 opened.
DEB [20170730-17:34:05.194] thr=2   paramiko.transport: [chan 55] Sesch channel 55 request ok
DEB [20170730-17:34:05.240] thr=2   paramiko.transport: [chan 55] EOF received (55)
DEB [20170730-17:34:05.256] thr=2   paramiko.transport: [chan 55] EOF sent (55)
DEB [20170730-17:34:05.349] thr=5   paramiko.transport: [chan 56] Max packet in: 32768 bytes
DEB [20170730-17:34:05.349] thr=2   paramiko.transport: [chan 56] Max packet out: 32768 bytes
DEB [20170730-17:34:05.349] thr=2   paramiko.transport: Secsh channel 56 opened.
DEB [20170730-17:34:05.365] thr=2   paramiko.transport: [chan 56] Sesch channel 56 request ok
DEB [20170730-17:34:05.427] thr=2   paramiko.transport: [chan 56] EOF received (56)
DEB [20170730-17:34:05.427] thr=2   paramiko.transport: [chan 56] EOF sent (56)
DEB [20170730-17:34:05.474] thr=5   paramiko.transport: [chan 57] Max packet in: 32768 bytes
DEB [20170730-17:34:05.474] thr=2   paramiko.transport: [chan 57] Max packet out: 32768 bytes
DEB [20170730-17:34:05.474] thr=2   paramiko.transport: Secsh channel 57 opened.
DEB [20170730-17:34:05.490] thr=2   paramiko.transport: [chan 57] Sesch channel 57 request ok
DEB [20170730-17:34:05.538] thr=2   paramiko.transport: [chan 57] EOF received (57)
DEB [20170730-17:34:05.538] thr=2   paramiko.transport: [chan 57] EOF sent (57)
DEB [20170730-17:34:05.615] thr=5   paramiko.transport: [chan 58] Max packet in: 32768 bytes
DEB [20170730-17:34:05.615] thr=2   paramiko.transport: [chan 58] Max packet out: 32768 bytes
DEB [20170730-17:34:05.615] thr=2   paramiko.transport: Secsh channel 58 opened.
DEB [20170730-17:34:05.631] thr=2   paramiko.transport: [chan 58] Sesch channel 58 request ok
DEB [20170730-17:34:05.694] thr=2   paramiko.transport: [chan 58] EOF received (58)
DEB [20170730-17:34:05.694] thr=2   paramiko.transport: [chan 58] EOF sent (58)
DEB [20170730-17:34:05.819] thr=5   paramiko.transport: [chan 59] Max packet in: 32768 bytes
DEB [20170730-17:34:05.819] thr=2   paramiko.transport: [chan 59] Max packet out: 32768 bytes
DEB [20170730-17:34:05.819] thr=2   paramiko.transport: Secsh channel 59 opened.
DEB [20170730-17:34:05.835] thr=2   paramiko.transport: [chan 59] Sesch channel 59 request ok
DEB [20170730-17:34:05.881] thr=2   paramiko.transport: [chan 59] EOF received (59)
DEB [20170730-17:34:05.881] thr=2   paramiko.transport: [chan 59] EOF sent (59)
DEB [20170730-17:34:05.897] thr=5   paramiko.transport: [chan 60] Max packet in: 32768 bytes
DEB [20170730-17:34:05.944] thr=2   paramiko.transport: [chan 60] Max packet out: 32768 bytes
DEB [20170730-17:34:05.944] thr=2   paramiko.transport: Secsh channel 60 opened.
DEB [20170730-17:34:05.960] thr=2   paramiko.transport: [chan 60] Sesch channel 60 request ok
DEB [20170730-17:34:06.022] thr=2   paramiko.transport: [chan 60] EOF received (60)
DEB [20170730-17:34:06.022] thr=2   paramiko.transport: [chan 60] EOF sent (60)
DEB [20170730-17:34:06.085] thr=5   paramiko.transport: [chan 61] Max packet in: 32768 bytes
DEB [20170730-17:34:06.085] thr=2   paramiko.transport: [chan 61] Max packet out: 32768 bytes
DEB [20170730-17:34:06.085] thr=2   paramiko.transport: Secsh channel 61 opened.
DEB [20170730-17:34:06.099] thr=2   paramiko.transport: [chan 61] Sesch channel 61 request ok
DEB [20170730-17:34:06.131] thr=5   paramiko.transport: [chan 62] Max packet in: 32768 bytes
DEB [20170730-17:34:06.131] thr=2   paramiko.transport: [chan 62] Max packet out: 32768 bytes
DEB [20170730-17:34:06.131] thr=2   paramiko.transport: Secsh channel 62 opened.
DEB [20170730-17:34:06.147] thr=2   paramiko.transport: [chan 61] EOF sent (61)
DEB [20170730-17:34:06.147] thr=2   paramiko.transport: [chan 62] Sesch channel 62 request ok
DEB [20170730-17:34:06.147] thr=2   paramiko.transport: [chan 62] EOF sent (62)
DEB [20170730-17:34:06.163] thr=2   paramiko.transport: Ignoring message for dead channel 61
DEB [20170730-17:34:06.163] thr=2   paramiko.transport: Ignoring message for dead channel 61
DEB [20170730-17:34:06.163] thr=2   paramiko.transport: Ignoring message for dead channel 61
DEB [20170730-17:34:06.194] thr=2   paramiko.transport: Ignoring message for dead channel 62
DEB [20170730-17:34:06.210] thr=2   paramiko.transport: Ignoring message for dead channel 62
DEB [20170730-17:34:06.210] thr=2   paramiko.transport: Ignoring message for dead channel 62
DEB [20170730-17:34:06.240] thr=5   paramiko.transport: [chan 63] Max packet in: 32768 bytes
DEB [20170730-17:34:06.240] thr=2   paramiko.transport: [chan 63] Max packet out: 32768 bytes
DEB [20170730-17:34:06.240] thr=2   paramiko.transport: Secsh channel 63 opened.
DEB [20170730-17:34:06.256] thr=2   paramiko.transport: [chan 63] Sesch channel 63 request ok
DEB [20170730-17:34:06.302] thr=5   paramiko.transport: [chan 64] Max packet in: 32768 bytes
DEB [20170730-17:34:06.302] thr=2   paramiko.transport: [chan 64] Max packet out: 32768 bytes
DEB [20170730-17:34:06.302] thr=2   paramiko.transport: Secsh channel 64 opened.
DEB [20170730-17:34:06.302] thr=2   paramiko.transport: [chan 63] EOF received (63)
DEB [20170730-17:34:06.302] thr=2   paramiko.transport: [chan 63] EOF sent (63)
DEB [20170730-17:34:06.365] thr=2   paramiko.transport: [chan 64] Sesch channel 64 request ok
DEB [20170730-17:34:06.413] thr=2   paramiko.transport: [chan 64] EOF received (64)
DEB [20170730-17:34:06.413] thr=2   paramiko.transport: [chan 64] EOF sent (64)
DEB [20170730-17:34:06.427] thr=5   paramiko.transport: [chan 65] Max packet in: 32768 bytes
DEB [20170730-17:34:06.460] thr=2   paramiko.transport: [chan 65] Max packet out: 32768 bytes
DEB [20170730-17:34:06.460] thr=2   paramiko.transport: Secsh channel 65 opened.
DEB [20170730-17:34:06.474] thr=2   paramiko.transport: [chan 65] Sesch channel 65 request ok
DEB [20170730-17:34:06.522] thr=2   paramiko.transport: [chan 65] EOF received (65)
DEB [20170730-17:34:06.522] thr=2   paramiko.transport: [chan 65] EOF sent (65)
DEB [20170730-17:34:06.538] thr=5   paramiko.transport: [chan 66] Max packet in: 32768 bytes
DEB [20170730-17:34:06.569] thr=2   paramiko.transport: [chan 66] Max packet out: 32768 bytes
DEB [20170730-17:34:06.569] thr=2   paramiko.transport: Secsh channel 66 opened.
DEB [20170730-17:34:06.585] thr=2   paramiko.transport: [chan 66] Sesch channel 66 request ok
DEB [20170730-17:34:06.585] thr=5   paramiko.transport: [chan 67] Max packet in: 32768 bytes
DEB [20170730-17:34:06.585] thr=2   paramiko.transport: [chan 67] Max packet out: 32768 bytes
DEB [20170730-17:34:06.585] thr=2   paramiko.transport: Secsh channel 67 opened.
DEB [20170730-17:34:06.615] thr=2   paramiko.transport: [chan 66] EOF sent (66)
DEB [20170730-17:34:06.615] thr=2   paramiko.transport: [chan 67] Sesch channel 67 request ok
DEB [20170730-17:34:06.615] thr=5   paramiko.transport: [chan 68] Max packet in: 32768 bytes
DEB [20170730-17:34:06.631] thr=2   paramiko.transport: [chan 67] EOF sent (67)
DEB [20170730-17:34:06.647] thr=2   paramiko.transport: Ignoring message for dead channel 66
DEB [20170730-17:34:06.647] thr=2   paramiko.transport: Ignoring message for dead channel 66
DEB [20170730-17:34:06.647] thr=2   paramiko.transport: Ignoring message for dead channel 66
DEB [20170730-17:34:06.647] thr=2   paramiko.transport: [chan 68] Max packet out: 32768 bytes
DEB [20170730-17:34:06.647] thr=2   paramiko.transport: Secsh channel 68 opened.
DEB [20170730-17:34:06.677] thr=2   paramiko.transport: Ignoring message for dead channel 67
DEB [20170730-17:34:06.677] thr=2   paramiko.transport: Ignoring message for dead channel 67
DEB [20170730-17:34:06.677] thr=2   paramiko.transport: Ignoring message for dead channel 67
DEB [20170730-17:34:06.677] thr=2   paramiko.transport: [chan 68] Sesch channel 68 request ok
DEB [20170730-17:34:06.740] thr=2   paramiko.transport: [chan 68] EOF received (68)
DEB [20170730-17:34:06.740] thr=2   paramiko.transport: [chan 68] EOF sent (68)
DEB [20170730-17:34:06.835] thr=5   paramiko.transport: [chan 69] Max packet in: 32768 bytes
DEB [20170730-17:34:06.835] thr=2   paramiko.transport: [chan 69] Max packet out: 32768 bytes
DEB [20170730-17:34:06.835] thr=2   paramiko.transport: Secsh channel 69 opened.
DEB [20170730-17:34:06.849] thr=2   paramiko.transport: [chan 69] Sesch channel 69 request ok
DEB [20170730-17:34:06.849] thr=5   paramiko.transport: [chan 70] Max packet in: 32768 bytes
DEB [20170730-17:34:06.849] thr=2   paramiko.transport: [chan 70] Max packet out: 32768 bytes
DEB [20170730-17:34:06.849] thr=2   paramiko.transport: Secsh channel 70 opened.
DEB [20170730-17:34:06.865] thr=2   paramiko.transport: [chan 69] EOF sent (69)
DEB [20170730-17:34:06.865] thr=2   paramiko.transport: [chan 70] Sesch channel 70 request ok
DEB [20170730-17:34:06.897] thr=5   paramiko.transport: [chan 71] Max packet in: 32768 bytes
DEB [20170730-17:34:06.897] thr=2   paramiko.transport: [chan 70] EOF sent (70)
DEB [20170730-17:34:06.897] thr=2   paramiko.transport: Ignoring message for dead channel 69
DEB [20170730-17:34:06.897] thr=2   paramiko.transport: [chan 71] Max packet out: 32768 bytes
DEB [20170730-17:34:06.897] thr=2   paramiko.transport: Secsh channel 71 opened.
DEB [20170730-17:34:06.913] thr=2   paramiko.transport: Ignoring message for dead channel 69
DEB [20170730-17:34:06.913] thr=2   paramiko.transport: Ignoring message for dead channel 69
DEB [20170730-17:34:06.913] thr=2   paramiko.transport: [chan 71] Sesch channel 71 request ok
DEB [20170730-17:34:06.927] thr=2   paramiko.transport: [chan 71] EOF sent (71)
DEB [20170730-17:34:06.927] thr=2   paramiko.transport: Ignoring message for dead channel 70
DEB [20170730-17:34:06.927] thr=2   paramiko.transport: Ignoring message for dead channel 70
DEB [20170730-17:34:06.960] thr=5   paramiko.transport: [chan 72] Max packet in: 32768 bytes
DEB [20170730-17:34:06.960] thr=2   paramiko.transport: Ignoring message for dead channel 71
DEB [20170730-17:34:06.974] thr=2   paramiko.transport: [chan 72] Max packet out: 32768 bytes
DEB [20170730-17:34:06.974] thr=2   paramiko.transport: Secsh channel 72 opened.
DEB [20170730-17:34:06.974] thr=2   paramiko.transport: Ignoring message for dead channel 71
DEB [20170730-17:34:06.974] thr=2   paramiko.transport: Ignoring message for dead channel 71
DEB [20170730-17:34:06.990] thr=2   paramiko.transport: [chan 72] Sesch channel 72 request ok
DEB [20170730-17:34:07.038] thr=2   paramiko.transport: [chan 72] EOF received (72)
DEB [20170730-17:34:07.052] thr=2   paramiko.transport: [chan 72] EOF sent (72)
DEB [20170730-17:34:07.085] thr=5   paramiko.transport: [chan 73] Max packet in: 32768 bytes
DEB [20170730-17:34:07.085] thr=2   paramiko.transport: [chan 73] Max packet out: 32768 bytes
DEB [20170730-17:34:07.085] thr=2   paramiko.transport: Secsh channel 73 opened.
DEB [20170730-17:34:07.099] thr=2   paramiko.transport: [chan 73] Sesch channel 73 request ok
DEB [20170730-17:34:07.147] thr=2   paramiko.transport: [chan 73] EOF received (73)
DEB [20170730-17:34:07.147] thr=2   paramiko.transport: [chan 73] EOF sent (73)
DEB [20170730-17:34:07.163] thr=5   paramiko.transport: [chan 74] Max packet in: 32768 bytes
DEB [20170730-17:34:07.194] thr=2   paramiko.transport: [chan 74] Max packet out: 32768 bytes
DEB [20170730-17:34:07.194] thr=2   paramiko.transport: Secsh channel 74 opened.
DEB [20170730-17:34:07.210] thr=2   paramiko.transport: [chan 74] Sesch channel 74 request ok
DEB [20170730-17:34:07.210] thr=5   paramiko.transport: [chan 75] Max packet in: 32768 bytes
DEB [20170730-17:34:07.210] thr=2   paramiko.transport: [chan 75] Max packet out: 32768 bytes
DEB [20170730-17:34:07.210] thr=2   paramiko.transport: Secsh channel 75 opened.
DEB [20170730-17:34:07.224] thr=2   paramiko.transport: [chan 74] EOF sent (74)
DEB [20170730-17:34:07.224] thr=2   paramiko.transport: [chan 75] Sesch channel 75 request ok
DEB [20170730-17:34:07.224] thr=5   paramiko.transport: [chan 76] Max packet in: 32768 bytes
DEB [20170730-17:34:07.272] thr=2   paramiko.transport: [chan 75] EOF sent (75)
DEB [20170730-17:34:07.272] thr=2   paramiko.transport: Ignoring message for dead channel 74
DEB [20170730-17:34:07.272] thr=2   paramiko.transport: Ignoring message for dead channel 74
DEB [20170730-17:34:07.272] thr=2   paramiko.transport: Ignoring message for dead channel 74
DEB [20170730-17:34:07.272] thr=2   paramiko.transport: [chan 76] Max packet out: 32768 bytes
DEB [20170730-17:34:07.272] thr=2   paramiko.transport: Secsh channel 76 opened.
DEB [20170730-17:34:07.272] thr=2   paramiko.transport: Ignoring message for dead channel 75
DEB [20170730-17:34:07.288] thr=2   paramiko.transport: Ignoring message for dead channel 75
DEB [20170730-17:34:07.288] thr=2   paramiko.transport: [chan 76] Sesch channel 76 request ok
DEB [20170730-17:34:07.335] thr=2   paramiko.transport: [chan 76] EOF received (76)
DEB [20170730-17:34:07.335] thr=2   paramiko.transport: [chan 76] EOF sent (76)
DEB [20170730-17:34:07.381] thr=5   paramiko.transport: [chan 77] Max packet in: 32768 bytes
DEB [20170730-17:34:07.381] thr=2   paramiko.transport: [chan 77] Max packet out: 32768 bytes
DEB [20170730-17:34:07.381] thr=2   paramiko.transport: Secsh channel 77 opened.
DEB [20170730-17:34:07.397] thr=2   paramiko.transport: [chan 77] Sesch channel 77 request ok
DEB [20170730-17:34:07.397] thr=5   paramiko.transport: [chan 78] Max packet in: 32768 bytes
DEB [20170730-17:34:07.413] thr=2   paramiko.transport: [chan 78] Max packet out: 32768 bytes
DEB [20170730-17:34:07.413] thr=2   paramiko.transport: Secsh channel 78 opened.
DEB [20170730-17:34:07.427] thr=2   paramiko.transport: [chan 77] EOF sent (77)
DEB [20170730-17:34:07.427] thr=2   paramiko.transport: [chan 78] Sesch channel 78 request ok
DEB [20170730-17:34:07.444] thr=2   paramiko.transport: [chan 78] EOF sent (78)
DEB [20170730-17:34:07.444] thr=2   paramiko.transport: Ignoring message for dead channel 77
DEB [20170730-17:34:07.460] thr=2   paramiko.transport: Ignoring message for dead channel 77
DEB [20170730-17:34:07.460] thr=2   paramiko.transport: Ignoring message for dead channel 77
DEB [20170730-17:34:07.474] thr=5   paramiko.transport: [chan 79] Max packet in: 32768 bytes
DEB [20170730-17:34:07.490] thr=2   paramiko.transport: Ignoring message for dead channel 78
DEB [20170730-17:34:07.490] thr=2   paramiko.transport: Ignoring message for dead channel 78
DEB [20170730-17:34:07.506] thr=2   paramiko.transport: [chan 79] Max packet out: 32768 bytes
DEB [20170730-17:34:07.506] thr=2   paramiko.transport: Secsh channel 79 opened.
DEB [20170730-17:34:07.522] thr=2   paramiko.transport: [chan 79] Sesch channel 79 request ok
DEB [20170730-17:34:07.599] thr=5   paramiko.transport: [chan 80] Max packet in: 32768 bytes
DEB [20170730-17:34:07.599] thr=2   paramiko.transport: [chan 80] Max packet out: 32768 bytes
DEB [20170730-17:34:07.599] thr=2   paramiko.transport: Secsh channel 80 opened.
DEB [20170730-17:34:07.615] thr=2   paramiko.transport: [chan 79] EOF sent (79)
DEB [20170730-17:34:07.615] thr=2   paramiko.transport: [chan 80] Sesch channel 80 request ok
DEB [20170730-17:34:07.631] thr=2   paramiko.transport: [chan 80] EOF sent (80)
DEB [20170730-17:34:07.631] thr=2   paramiko.transport: Ignoring message for dead channel 79
DEB [20170730-17:34:07.631] thr=2   paramiko.transport: Ignoring message for dead channel 79
DEB [20170730-17:34:07.631] thr=2   paramiko.transport: Ignoring message for dead channel 79
DEB [20170730-17:34:07.694] thr=2   paramiko.transport: Ignoring message for dead channel 80
DEB [20170730-17:34:07.694] thr=2   paramiko.transport: Ignoring message for dead channel 80
DEB [20170730-17:34:07.756] thr=5   paramiko.transport: [chan 81] Max packet in: 32768 bytes
DEB [20170730-17:34:07.756] thr=2   paramiko.transport: [chan 81] Max packet out: 32768 bytes
DEB [20170730-17:34:07.756] thr=2   paramiko.transport: Secsh channel 81 opened.
DEB [20170730-17:34:07.772] thr=2   paramiko.transport: [chan 81] Sesch channel 81 request ok
DEB [20170730-17:34:07.819] thr=2   paramiko.transport: [chan 81] EOF received (81)
DEB [20170730-17:34:07.819] thr=2   paramiko.transport: [chan 81] EOF sent (81)
DEB [20170730-17:34:07.865] thr=5   paramiko.transport: [chan 82] Max packet in: 32768 bytes
DEB [20170730-17:34:07.865] thr=2   paramiko.transport: [chan 82] Max packet out: 32768 bytes
DEB [20170730-17:34:07.865] thr=2   paramiko.transport: Secsh channel 82 opened.
DEB [20170730-17:34:07.881] thr=2   paramiko.transport: [chan 82] Sesch channel 82 request ok
DEB [20170730-17:34:07.881] thr=5   paramiko.transport: [chan 83] Max packet in: 32768 bytes
DEB [20170730-17:34:07.881] thr=2   paramiko.transport: [chan 83] Max packet out: 32768 bytes
DEB [20170730-17:34:07.881] thr=2   paramiko.transport: Secsh channel 83 opened.
DEB [20170730-17:34:07.897] thr=2   paramiko.transport: [chan 82] EOF sent (82)
DEB [20170730-17:34:07.897] thr=2   paramiko.transport: [chan 83] Sesch channel 83 request ok
DEB [20170730-17:34:07.944] thr=5   paramiko.transport: [chan 84] Max packet in: 32768 bytes
DEB [20170730-17:34:07.944] thr=2   paramiko.transport: [chan 83] EOF sent (83)
DEB [20170730-17:34:07.944] thr=2   paramiko.transport: Ignoring message for dead channel 82
DEB [20170730-17:34:07.944] thr=2   paramiko.transport: Ignoring message for dead channel 82
DEB [20170730-17:34:07.944] thr=2   paramiko.transport: Ignoring message for dead channel 82
DEB [20170730-17:34:07.944] thr=2   paramiko.transport: [chan 84] Max packet out: 32768 bytes
DEB [20170730-17:34:07.944] thr=2   paramiko.transport: Secsh channel 84 opened.
DEB [20170730-17:34:07.960] thr=2   paramiko.transport: Ignoring message for dead channel 83
DEB [20170730-17:34:07.960] thr=2   paramiko.transport: Ignoring message for dead channel 83
DEB [20170730-17:34:07.960] thr=2   paramiko.transport: [chan 84] Sesch channel 84 request ok
DEB [20170730-17:34:08.006] thr=2   paramiko.transport: [chan 84] EOF received (84)
DEB [20170730-17:34:08.022] thr=2   paramiko.transport: [chan 84] EOF sent (84)
DEB [20170730-17:34:08.115] thr=5   paramiko.transport: [chan 85] Max packet in: 32768 bytes
DEB [20170730-17:34:08.115] thr=2   paramiko.transport: [chan 85] Max packet out: 32768 bytes
DEB [20170730-17:34:08.115] thr=2   paramiko.transport: Secsh channel 85 opened.
DEB [20170730-17:34:08.131] thr=2   paramiko.transport: [chan 85] Sesch channel 85 request ok
DEB [20170730-17:34:08.131] thr=5   paramiko.transport: [chan 86] Max packet in: 32768 bytes
DEB [20170730-17:34:08.131] thr=2   paramiko.transport: [chan 86] Max packet out: 32768 bytes
DEB [20170730-17:34:08.131] thr=2   paramiko.transport: Secsh channel 86 opened.
DEB [20170730-17:34:08.147] thr=2   paramiko.transport: [chan 85] EOF sent (85)
DEB [20170730-17:34:08.147] thr=2   paramiko.transport: [chan 86] Sesch channel 86 request ok
DEB [20170730-17:34:08.177] thr=2   paramiko.transport: [chan 86] EOF sent (86)
DEB [20170730-17:34:08.177] thr=2   paramiko.transport: Ignoring message for dead channel 85
DEB [20170730-17:34:08.177] thr=2   paramiko.transport: Ignoring message for dead channel 85
DEB [20170730-17:34:08.194] thr=2   paramiko.transport: Ignoring message for dead channel 85
DEB [20170730-17:34:08.194] thr=2   paramiko.transport: Ignoring message for dead channel 86
DEB [20170730-17:34:08.194] thr=2   paramiko.transport: Ignoring message for dead channel 86
DEB [20170730-17:34:08.210] thr=5   paramiko.transport: [chan 87] Max packet in: 32768 bytes
DEB [20170730-17:34:08.210] thr=2   paramiko.transport: [chan 87] Max packet out: 32768 bytes
DEB [20170730-17:34:08.210] thr=2   paramiko.transport: Secsh channel 87 opened.
DEB [20170730-17:34:08.224] thr=2   paramiko.transport: [chan 87] Sesch channel 87 request ok
DEB [20170730-17:34:08.272] thr=5   paramiko.transport: [chan 88] Max packet in: 32768 bytes
DEB [20170730-17:34:08.272] thr=2   paramiko.transport: [chan 88] Max packet out: 32768 bytes
DEB [20170730-17:34:08.272] thr=2   paramiko.transport: Secsh channel 88 opened.
DEB [20170730-17:34:08.272] thr=2   paramiko.transport: [chan 87] EOF received (87)
DEB [20170730-17:34:08.272] thr=2   paramiko.transport: [chan 87] EOF sent (87)
DEB [20170730-17:34:08.335] thr=2   paramiko.transport: [chan 88] Sesch channel 88 request ok
DEB [20170730-17:34:08.365] thr=5   paramiko.transport: [chan 89] Max packet in: 32768 bytes
DEB [20170730-17:34:08.365] thr=2   paramiko.transport: [chan 89] Max packet out: 32768 bytes
DEB [20170730-17:34:08.365] thr=2   paramiko.transport: Secsh channel 89 opened.
DEB [20170730-17:34:08.381] thr=2   paramiko.transport: [chan 88] EOF sent (88)
DEB [20170730-17:34:08.381] thr=2   paramiko.transport: [chan 89] Sesch channel 89 request ok
DEB [20170730-17:34:08.381] thr=2   paramiko.transport: [chan 89] EOF sent (89)
DEB [20170730-17:34:08.381] thr=2   paramiko.transport: Ignoring message for dead channel 88
DEB [20170730-17:34:08.381] thr=2   paramiko.transport: Ignoring message for dead channel 88
DEB [20170730-17:34:08.381] thr=2   paramiko.transport: Ignoring message for dead channel 88
DEB [20170730-17:34:08.427] thr=2   paramiko.transport: Ignoring message for dead channel 89
DEB [20170730-17:34:08.427] thr=2   paramiko.transport: Ignoring message for dead channel 89
DEB [20170730-17:34:08.444] thr=5   paramiko.transport: [chan 90] Max packet in: 32768 bytes
DEB [20170730-17:34:08.444] thr=2   paramiko.transport: [chan 90] Max packet out: 32768 bytes
DEB [20170730-17:34:08.444] thr=2   paramiko.transport: Secsh channel 90 opened.
DEB [20170730-17:34:08.460] thr=2   paramiko.transport: [chan 90] Sesch channel 90 request ok
DEB [20170730-17:34:08.460] thr=5   paramiko.transport: [chan 91] Max packet in: 32768 bytes
DEB [20170730-17:34:08.474] thr=2   paramiko.transport: [chan 91] Max packet out: 32768 bytes
DEB [20170730-17:34:08.474] thr=2   paramiko.transport: Secsh channel 91 opened.
DEB [20170730-17:34:08.490] thr=2   paramiko.transport: [chan 90] EOF sent (90)
DEB [20170730-17:34:08.490] thr=2   paramiko.transport: [chan 91] Sesch channel 91 request ok
DEB [20170730-17:34:08.490] thr=5   paramiko.transport: [chan 92] Max packet in: 32768 bytes
DEB [20170730-17:34:08.522] thr=2   paramiko.transport: [chan 91] EOF sent (91)
DEB [20170730-17:34:08.522] thr=2   paramiko.transport: Ignoring message for dead channel 90
DEB [20170730-17:34:08.522] thr=2   paramiko.transport: Ignoring message for dead channel 90
DEB [20170730-17:34:08.522] thr=2   paramiko.transport: Ignoring message for dead channel 90
DEB [20170730-17:34:08.522] thr=2   paramiko.transport: [chan 92] Max packet out: 32768 bytes
DEB [20170730-17:34:08.522] thr=2   paramiko.transport: Secsh channel 92 opened.
DEB [20170730-17:34:08.538] thr=2   paramiko.transport: Ignoring message for dead channel 91
DEB [20170730-17:34:08.538] thr=2   paramiko.transport: Ignoring message for dead channel 91
DEB [20170730-17:34:08.552] thr=2   paramiko.transport: [chan 92] Sesch channel 92 request ok
DEB [20170730-17:34:08.599] thr=2   paramiko.transport: [chan 92] EOF received (92)
DEB [20170730-17:34:08.599] thr=2   paramiko.transport: [chan 92] EOF sent (92)
DEB [20170730-17:34:08.647] thr=5   paramiko.transport: [chan 93] Max packet in: 32768 bytes
DEB [20170730-17:34:08.647] thr=2   paramiko.transport: [chan 93] Max packet out: 32768 bytes
DEB [20170730-17:34:08.647] thr=2   paramiko.transport: Secsh channel 93 opened.
DEB [20170730-17:34:08.663] thr=2   paramiko.transport: [chan 93] Sesch channel 93 request ok
DEB [20170730-17:34:08.663] thr=5   paramiko.transport: [chan 94] Max packet in: 32768 bytes
DEB [20170730-17:34:08.663] thr=2   paramiko.transport: [chan 94] Max packet out: 32768 bytes
DEB [20170730-17:34:08.663] thr=2   paramiko.transport: Secsh channel 94 opened.
DEB [20170730-17:34:08.677] thr=2   paramiko.transport: [chan 93] EOF sent (93)
DEB [20170730-17:34:08.677] thr=2   paramiko.transport: [chan 94] Sesch channel 94 request ok
DEB [20170730-17:34:08.710] thr=5   paramiko.transport: [chan 95] Max packet in: 32768 bytes
DEB [20170730-17:34:08.710] thr=2   paramiko.transport: [chan 94] EOF sent (94)
DEB [20170730-17:34:08.710] thr=2   paramiko.transport: Ignoring message for dead channel 93
DEB [20170730-17:34:08.710] thr=2   paramiko.transport: [chan 95] Max packet out: 32768 bytes
DEB [20170730-17:34:08.710] thr=2   paramiko.transport: Secsh channel 95 opened.
DEB [20170730-17:34:08.710] thr=2   paramiko.transport: Ignoring message for dead channel 93
DEB [20170730-17:34:08.710] thr=2   paramiko.transport: Ignoring message for dead channel 93
DEB [20170730-17:34:08.724] thr=2   paramiko.transport: Ignoring message for dead channel 94
DEB [20170730-17:34:08.724] thr=2   paramiko.transport: Ignoring message for dead channel 94
DEB [20170730-17:34:08.740] thr=2   paramiko.transport: [chan 95] Sesch channel 95 request ok
DEB [20170730-17:34:08.772] thr=5   paramiko.transport: [chan 96] Max packet in: 32768 bytes
DEB [20170730-17:34:08.772] thr=2   paramiko.transport: [chan 96] Max packet out: 32768 bytes
DEB [20170730-17:34:08.772] thr=2   paramiko.transport: Secsh channel 96 opened.
DEB [20170730-17:34:08.788] thr=2   paramiko.transport: [chan 95] EOF sent (95)
DEB [20170730-17:34:08.788] thr=2   paramiko.transport: [chan 96] Sesch channel 96 request ok
DEB [20170730-17:34:08.788] thr=2   paramiko.transport: [chan 96] EOF sent (96)
DEB [20170730-17:34:08.788] thr=2   paramiko.transport: Ignoring message for dead channel 95
DEB [20170730-17:34:08.788] thr=2   paramiko.transport: Ignoring message for dead channel 95
DEB [20170730-17:34:08.788] thr=2   paramiko.transport: Ignoring message for dead channel 95
DEB [20170730-17:34:08.835] thr=2   paramiko.transport: Ignoring message for dead channel 96
DEB [20170730-17:34:08.835] thr=2   paramiko.transport: Ignoring message for dead channel 96
DEB [20170730-17:34:08.881] thr=5   paramiko.transport: [chan 97] Max packet in: 32768 bytes
DEB [20170730-17:34:08.881] thr=2   paramiko.transport: [chan 97] Max packet out: 32768 bytes
DEB [20170730-17:34:08.881] thr=2   paramiko.transport: Secsh channel 97 opened.
DEB [20170730-17:34:08.897] thr=2   paramiko.transport: [chan 97] Sesch channel 97 request ok
DEB [20170730-17:34:08.944] thr=2   paramiko.transport: [chan 97] EOF received (97)
DEB [20170730-17:34:08.944] thr=2   paramiko.transport: [chan 97] EOF sent (97)
DEB [20170730-17:34:08.960] thr=5   paramiko.transport: [chan 98] Max packet in: 32768 bytes
DEB [20170730-17:34:09.006] thr=2   paramiko.transport: [chan 98] Max packet out: 32768 bytes
DEB [20170730-17:34:09.006] thr=2   paramiko.transport: Secsh channel 98 opened.
DEB [20170730-17:34:09.022] thr=2   paramiko.transport: [chan 98] Sesch channel 98 request ok
DEB [20170730-17:34:09.022] thr=5   paramiko.transport: [chan 99] Max packet in: 32768 bytes
DEB [20170730-17:34:09.038] thr=2   paramiko.transport: [chan 99] Max packet out: 32768 bytes
DEB [20170730-17:34:09.038] thr=2   paramiko.transport: Secsh channel 99 opened.
DEB [20170730-17:34:09.052] thr=2   paramiko.transport: [chan 98] EOF sent (98)
DEB [20170730-17:34:09.052] thr=2   paramiko.transport: [chan 99] Sesch channel 99 request ok
DEB [20170730-17:34:09.052] thr=5   paramiko.transport: [chan 100] Max packet in: 32768 bytes
DEB [20170730-17:34:09.085] thr=2   paramiko.transport: [chan 99] EOF sent (99)
DEB [20170730-17:34:09.085] thr=2   paramiko.transport: Ignoring message for dead channel 98
DEB [20170730-17:34:09.085] thr=2   paramiko.transport: Ignoring message for dead channel 98
DEB [20170730-17:34:09.085] thr=2   paramiko.transport: Ignoring message for dead channel 98
DEB [20170730-17:34:09.085] thr=2   paramiko.transport: [chan 100] Max packet out: 32768 bytes
DEB [20170730-17:34:09.085] thr=2   paramiko.transport: Secsh channel 100 opened.
DEB [20170730-17:34:09.115] thr=2   paramiko.transport: Ignoring message for dead channel 99
DEB [20170730-17:34:09.115] thr=2   paramiko.transport: Ignoring message for dead channel 99
DEB [20170730-17:34:09.115] thr=2   paramiko.transport: [chan 100] Sesch channel 100 request ok
DEB [20170730-17:34:09.115] thr=5   paramiko.transport: [chan 101] Max packet in: 32768 bytes
DEB [20170730-17:34:09.115] thr=2   paramiko.transport: [chan 101] Max packet out: 32768 bytes
DEB [20170730-17:34:09.115] thr=2   paramiko.transport: Secsh channel 101 opened.
DEB [20170730-17:34:09.131] thr=2   paramiko.transport: [chan 100] EOF sent (100)
DEB [20170730-17:34:09.131] thr=2   paramiko.transport: [chan 101] Sesch channel 101 request ok
DEB [20170730-17:34:09.177] thr=2   paramiko.transport: [chan 101] EOF sent (101)
DEB [20170730-17:34:09.177] thr=2   paramiko.transport: Ignoring message for dead channel 100
DEB [20170730-17:34:09.177] thr=2   paramiko.transport: Ignoring message for dead channel 100
DEB [20170730-17:34:09.177] thr=2   paramiko.transport: Ignoring message for dead channel 100
DEB [20170730-17:34:09.177] thr=2   paramiko.transport: Ignoring message for dead channel 101
DEB [20170730-17:34:09.194] thr=2   paramiko.transport: Ignoring message for dead channel 101
DEB [20170730-17:34:09.194] thr=2   paramiko.transport: Ignoring message for dead channel 101
DEB [20170730-17:34:43.286] thr=6   paramiko.transport: EOF in transport thread
DEB [20170730-17:34:43.302] thr=7   paramiko.transport: EOF in transport thread
DEB [20170730-17:34:43.302] thr=3   paramiko.transport: EOF in transport thread
DEB [20170730-17:34:43.318] thr=2   paramiko.transport: EOF in transport thread
